<?xml version="1.0" encoding="UTF-8"?>
<testsuite name="study.querydsl.QuerydslBasicTest" tests="1" skipped="0" failures="0" errors="0" timestamp="2021-07-19T10:19:08" hostname="jeongjiwon-ui-Macmini.local" time="0.944">
  <properties/>
  <testcase name="fetchJoinUse()" classname="study.querydsl.QuerydslBasicTest" time="0.944"/>
  <system-out><![CDATA[19:19:01.626 [Test worker] DEBUG org.springframework.test.context.BootstrapUtils - Instantiating CacheAwareContextLoaderDelegate from class [org.springframework.test.context.cache.DefaultCacheAwareContextLoaderDelegate]
19:19:01.640 [Test worker] DEBUG org.springframework.test.context.BootstrapUtils - Instantiating BootstrapContext using constructor [public org.springframework.test.context.support.DefaultBootstrapContext(java.lang.Class,org.springframework.test.context.CacheAwareContextLoaderDelegate)]
19:19:01.681 [Test worker] DEBUG org.springframework.test.context.BootstrapUtils - Instantiating TestContextBootstrapper for test class [study.querydsl.QuerydslBasicTest] from class [org.springframework.boot.test.context.SpringBootTestContextBootstrapper]
19:19:01.693 [Test worker] INFO org.springframework.boot.test.context.SpringBootTestContextBootstrapper - Neither @ContextConfiguration nor @ContextHierarchy found for test class [study.querydsl.QuerydslBasicTest], using SpringBootContextLoader
19:19:01.697 [Test worker] DEBUG org.springframework.test.context.support.AbstractContextLoader - Did not detect default resource location for test class [study.querydsl.QuerydslBasicTest]: class path resource [study/querydsl/QuerydslBasicTest-context.xml] does not exist
19:19:01.697 [Test worker] DEBUG org.springframework.test.context.support.AbstractContextLoader - Did not detect default resource location for test class [study.querydsl.QuerydslBasicTest]: class path resource [study/querydsl/QuerydslBasicTestContext.groovy] does not exist
19:19:01.697 [Test worker] INFO org.springframework.test.context.support.AbstractContextLoader - Could not detect default resource locations for test class [study.querydsl.QuerydslBasicTest]: no resource found for suffixes {-context.xml, Context.groovy}.
19:19:01.698 [Test worker] INFO org.springframework.test.context.support.AnnotationConfigContextLoaderUtils - Could not detect default configuration classes for test class [study.querydsl.QuerydslBasicTest]: QuerydslBasicTest does not declare any static, non-private, non-final, nested classes annotated with @Configuration.
19:19:01.776 [Test worker] DEBUG org.springframework.test.context.support.ActiveProfilesUtils - Could not find an 'annotation declaring class' for annotation type [org.springframework.test.context.ActiveProfiles] and class [study.querydsl.QuerydslBasicTest]
19:19:01.858 [Test worker] DEBUG org.springframework.context.annotation.ClassPathScanningCandidateComponentProvider - Identified candidate component class: file [/Users/jiwon/dev-study/inflearn-querydsl/build/classes/java/main/study/querydsl/QuerydslApplication.class]
19:19:01.860 [Test worker] INFO org.springframework.boot.test.context.SpringBootTestContextBootstrapper - Found @SpringBootConfiguration study.querydsl.QuerydslApplication for test class study.querydsl.QuerydslBasicTest
19:19:01.958 [Test worker] DEBUG org.springframework.boot.test.context.SpringBootTestContextBootstrapper - @TestExecutionListeners is not present for class [study.querydsl.QuerydslBasicTest]: using defaults.
19:19:01.959 [Test worker] INFO org.springframework.boot.test.context.SpringBootTestContextBootstrapper - Loaded default TestExecutionListener class names from location [META-INF/spring.factories]: [org.springframework.boot.test.autoconfigure.restdocs.RestDocsTestExecutionListener, org.springframework.boot.test.autoconfigure.web.client.MockRestServiceServerResetTestExecutionListener, org.springframework.boot.test.autoconfigure.web.servlet.MockMvcPrintOnlyOnFailureTestExecutionListener, org.springframework.boot.test.autoconfigure.web.servlet.WebDriverTestExecutionListener, org.springframework.boot.test.autoconfigure.webservices.client.MockWebServiceServerTestExecutionListener, org.springframework.boot.test.mock.mockito.MockitoTestExecutionListener, org.springframework.boot.test.mock.mockito.ResetMocksTestExecutionListener, org.springframework.test.context.web.ServletTestExecutionListener, org.springframework.test.context.support.DirtiesContextBeforeModesTestExecutionListener, org.springframework.test.context.event.ApplicationEventsTestExecutionListener, org.springframework.test.context.support.DependencyInjectionTestExecutionListener, org.springframework.test.context.support.DirtiesContextTestExecutionListener, org.springframework.test.context.transaction.TransactionalTestExecutionListener, org.springframework.test.context.jdbc.SqlScriptsTestExecutionListener, org.springframework.test.context.event.EventPublishingTestExecutionListener]
19:19:01.984 [Test worker] INFO org.springframework.boot.test.context.SpringBootTestContextBootstrapper - Using TestExecutionListeners: [org.springframework.test.context.web.ServletTestExecutionListener@7daf4033, org.springframework.test.context.support.DirtiesContextBeforeModesTestExecutionListener@77cf1d57, org.springframework.test.context.event.ApplicationEventsTestExecutionListener@3f3a54e6, org.springframework.boot.test.mock.mockito.MockitoTestExecutionListener@3b8e5bdf, org.springframework.boot.test.autoconfigure.SpringBootDependencyInjectionTestExecutionListener@3ca72a45, org.springframework.test.context.support.DirtiesContextTestExecutionListener@338dbd23, org.springframework.test.context.transaction.TransactionalTestExecutionListener@5e7d52d0, org.springframework.test.context.jdbc.SqlScriptsTestExecutionListener@1764ba63, org.springframework.test.context.event.EventPublishingTestExecutionListener@12145fc8, org.springframework.boot.test.autoconfigure.restdocs.RestDocsTestExecutionListener@4cae9c0c, org.springframework.boot.test.autoconfigure.web.client.MockRestServiceServerResetTestExecutionListener@7871bc9b, org.springframework.boot.test.autoconfigure.web.servlet.MockMvcPrintOnlyOnFailureTestExecutionListener@4a74b654, org.springframework.boot.test.autoconfigure.web.servlet.WebDriverTestExecutionListener@7a2e4acd, org.springframework.boot.test.autoconfigure.webservices.client.MockWebServiceServerTestExecutionListener@42d8e778, org.springframework.boot.test.mock.mockito.ResetMocksTestExecutionListener@37381edc]
19:19:02.001 [Test worker] DEBUG org.springframework.test.context.support.AbstractDirtiesContextTestExecutionListener - Before test class: context [DefaultTestContext@545fb76e testClass = QuerydslBasicTest, testInstance = [null], testMethod = [null], testException = [null], mergedContextConfiguration = [WebMergedContextConfiguration@7ec27304 testClass = QuerydslBasicTest, locations = '{}', classes = '{class study.querydsl.QuerydslApplication}', contextInitializerClasses = '[]', activeProfiles = '{}', propertySourceLocations = '{}', propertySourceProperties = '{org.springframework.boot.test.context.SpringBootTestContextBootstrapper=true}', contextCustomizers = set[org.springframework.boot.test.autoconfigure.actuate.metrics.MetricsExportContextCustomizerFactory$DisableMetricExportContextCustomizer@7a2dcb71, org.springframework.boot.test.autoconfigure.properties.PropertyMappingContextCustomizer@0, org.springframework.boot.test.autoconfigure.web.servlet.WebDriverContextCustomizerFactory$Customizer@3eaec762, org.springframework.boot.test.context.filter.ExcludeFilterContextCustomizer@190f41f5, org.springframework.boot.test.json.DuplicateJsonObjectContextCustomizerFactory$DuplicateJsonObjectContextCustomizer@7925ae8d, org.springframework.boot.test.mock.mockito.MockitoContextCustomizer@0, org.springframework.boot.test.web.client.TestRestTemplateContextCustomizer@5ff422ff, org.springframework.boot.test.context.SpringBootTestArgs@1, org.springframework.boot.test.context.SpringBootTestWebEnvironment@1cbd5aa], resourceBasePath = 'src/main/webapp', contextLoader = 'org.springframework.boot.test.context.SpringBootContextLoader', parent = [null]], attributes = map['org.springframework.test.context.web.ServletTestExecutionListener.activateListener' -> true]], class annotated with @DirtiesContext [false] with mode [null].
19:19:02.066 [Test worker] DEBUG org.springframework.test.context.support.TestPropertySourceUtils - Adding inlined properties to environment: {spring.jmx.enabled=false, org.springframework.boot.test.context.SpringBootTestContextBootstrapper=true}

  .   ____          _            __ _ _
 /\\ / ___'_ __ _ _(_)_ __  __ _ \ \ \ \
( ( )\___ | '_ | '_| | '_ \/ _` | \ \ \ \
 \\/  ___)| |_)| | | | | || (_| |  ) ) ) )
  '  |____| .__|_| |_|_| |_\__, | / / / /
 =========|_|==============|___/=/_/_/_/
 :: Spring Boot ::                (v2.4.8)

2021-07-19 19:19:02.483  INFO 1702 --- [    Test worker] study.querydsl.QuerydslBasicTest         : Starting QuerydslBasicTest using Java 15.0.3 on jeongjiwon-ui-Macmini.local with PID 1702 (started by jiwon in /Users/jiwon/dev-study/inflearn-querydsl)
2021-07-19 19:19:02.487  INFO 1702 --- [    Test worker] study.querydsl.QuerydslBasicTest         : No active profile set, falling back to default profiles: default
2021-07-19 19:19:03.702  INFO 1702 --- [    Test worker] .s.d.r.c.RepositoryConfigurationDelegate : Bootstrapping Spring Data JPA repositories in DEFAULT mode.
2021-07-19 19:19:03.730  INFO 1702 --- [    Test worker] .s.d.r.c.RepositoryConfigurationDelegate : Finished Spring Data repository scanning in 18 ms. Found 0 JPA repository interfaces.
2021-07-19 19:19:05.166  INFO 1702 --- [    Test worker] o.hibernate.jpa.internal.util.LogHelper  : HHH000204: Processing PersistenceUnitInfo [name: default]
2021-07-19 19:19:05.227  INFO 1702 --- [    Test worker] org.hibernate.Version                    : HHH000412: Hibernate ORM core version 5.4.32.Final
2021-07-19 19:19:05.353  INFO 1702 --- [    Test worker] o.hibernate.annotations.common.Version   : HCANN000001: Hibernate Commons Annotations {5.1.2.Final}
2021-07-19 19:19:05.418 DEBUG 1702 --- [    Test worker] org.hibernate.type.BasicTypeRegistry     : Adding type registration boolean -> org.hibernate.type.BooleanType@5ed2e67c
2021-07-19 19:19:05.422 DEBUG 1702 --- [    Test worker] org.hibernate.type.BasicTypeRegistry     : Adding type registration boolean -> org.hibernate.type.BooleanType@5ed2e67c
2021-07-19 19:19:05.423 DEBUG 1702 --- [    Test worker] org.hibernate.type.BasicTypeRegistry     : Adding type registration java.lang.Boolean -> org.hibernate.type.BooleanType@5ed2e67c
2021-07-19 19:19:05.425 DEBUG 1702 --- [    Test worker] org.hibernate.type.BasicTypeRegistry     : Adding type registration numeric_boolean -> org.hibernate.type.NumericBooleanType@7d32797f
2021-07-19 19:19:05.428 DEBUG 1702 --- [    Test worker] org.hibernate.type.BasicTypeRegistry     : Adding type registration true_false -> org.hibernate.type.TrueFalseType@43a49c4f
2021-07-19 19:19:05.429 DEBUG 1702 --- [    Test worker] org.hibernate.type.BasicTypeRegistry     : Adding type registration yes_no -> org.hibernate.type.YesNoType@7afd1ace
2021-07-19 19:19:05.430 DEBUG 1702 --- [    Test worker] org.hibernate.type.BasicTypeRegistry     : Adding type registration byte -> org.hibernate.type.ByteType@305f74d5
2021-07-19 19:19:05.431 DEBUG 1702 --- [    Test worker] org.hibernate.type.BasicTypeRegistry     : Adding type registration byte -> org.hibernate.type.ByteType@305f74d5
2021-07-19 19:19:05.431 DEBUG 1702 --- [    Test worker] org.hibernate.type.BasicTypeRegistry     : Adding type registration java.lang.Byte -> org.hibernate.type.ByteType@305f74d5
2021-07-19 19:19:05.432 DEBUG 1702 --- [    Test worker] org.hibernate.type.BasicTypeRegistry     : Adding type registration character -> org.hibernate.type.CharacterType@487406d
2021-07-19 19:19:05.433 DEBUG 1702 --- [    Test worker] org.hibernate.type.BasicTypeRegistry     : Adding type registration char -> org.hibernate.type.CharacterType@487406d
2021-07-19 19:19:05.433 DEBUG 1702 --- [    Test worker] org.hibernate.type.BasicTypeRegistry     : Adding type registration java.lang.Character -> org.hibernate.type.CharacterType@487406d
2021-07-19 19:19:05.435 DEBUG 1702 --- [    Test worker] org.hibernate.type.BasicTypeRegistry     : Adding type registration short -> org.hibernate.type.ShortType@39b27931
2021-07-19 19:19:05.437 DEBUG 1702 --- [    Test worker] org.hibernate.type.BasicTypeRegistry     : Adding type registration short -> org.hibernate.type.ShortType@39b27931
2021-07-19 19:19:05.437 DEBUG 1702 --- [    Test worker] org.hibernate.type.BasicTypeRegistry     : Adding type registration java.lang.Short -> org.hibernate.type.ShortType@39b27931
2021-07-19 19:19:05.439 DEBUG 1702 --- [    Test worker] org.hibernate.type.BasicTypeRegistry     : Adding type registration integer -> org.hibernate.type.IntegerType@2ede79c1
2021-07-19 19:19:05.440 DEBUG 1702 --- [    Test worker] org.hibernate.type.BasicTypeRegistry     : Adding type registration int -> org.hibernate.type.IntegerType@2ede79c1
2021-07-19 19:19:05.440 DEBUG 1702 --- [    Test worker] org.hibernate.type.BasicTypeRegistry     : Adding type registration java.lang.Integer -> org.hibernate.type.IntegerType@2ede79c1
2021-07-19 19:19:05.442 DEBUG 1702 --- [    Test worker] org.hibernate.type.BasicTypeRegistry     : Adding type registration long -> org.hibernate.type.LongType@2bceda4a
2021-07-19 19:19:05.443 DEBUG 1702 --- [    Test worker] org.hibernate.type.BasicTypeRegistry     : Adding type registration long -> org.hibernate.type.LongType@2bceda4a
2021-07-19 19:19:05.444 DEBUG 1702 --- [    Test worker] org.hibernate.type.BasicTypeRegistry     : Adding type registration java.lang.Long -> org.hibernate.type.LongType@2bceda4a
2021-07-19 19:19:05.445 DEBUG 1702 --- [    Test worker] org.hibernate.type.BasicTypeRegistry     : Adding type registration float -> org.hibernate.type.FloatType@504e4036
2021-07-19 19:19:05.446 DEBUG 1702 --- [    Test worker] org.hibernate.type.BasicTypeRegistry     : Adding type registration float -> org.hibernate.type.FloatType@504e4036
2021-07-19 19:19:05.447 DEBUG 1702 --- [    Test worker] org.hibernate.type.BasicTypeRegistry     : Adding type registration java.lang.Float -> org.hibernate.type.FloatType@504e4036
2021-07-19 19:19:05.449 DEBUG 1702 --- [    Test worker] org.hibernate.type.BasicTypeRegistry     : Adding type registration double -> org.hibernate.type.DoubleType@f821a89
2021-07-19 19:19:05.450 DEBUG 1702 --- [    Test worker] org.hibernate.type.BasicTypeRegistry     : Adding type registration double -> org.hibernate.type.DoubleType@f821a89
2021-07-19 19:19:05.450 DEBUG 1702 --- [    Test worker] org.hibernate.type.BasicTypeRegistry     : Adding type registration java.lang.Double -> org.hibernate.type.DoubleType@f821a89
2021-07-19 19:19:05.451 DEBUG 1702 --- [    Test worker] org.hibernate.type.BasicTypeRegistry     : Adding type registration big_decimal -> org.hibernate.type.BigDecimalType@3a270ecc
2021-07-19 19:19:05.452 DEBUG 1702 --- [    Test worker] org.hibernate.type.BasicTypeRegistry     : Adding type registration java.math.BigDecimal -> org.hibernate.type.BigDecimalType@3a270ecc
2021-07-19 19:19:05.453 DEBUG 1702 --- [    Test worker] org.hibernate.type.BasicTypeRegistry     : Adding type registration big_integer -> org.hibernate.type.BigIntegerType@3372d300
2021-07-19 19:19:05.456 DEBUG 1702 --- [    Test worker] org.hibernate.type.BasicTypeRegistry     : Adding type registration java.math.BigInteger -> org.hibernate.type.BigIntegerType@3372d300
2021-07-19 19:19:05.458 DEBUG 1702 --- [    Test worker] org.hibernate.type.BasicTypeRegistry     : Adding type registration string -> org.hibernate.type.StringType@6182c110
2021-07-19 19:19:05.459 DEBUG 1702 --- [    Test worker] org.hibernate.type.BasicTypeRegistry     : Adding type registration java.lang.String -> org.hibernate.type.StringType@6182c110
2021-07-19 19:19:05.461 DEBUG 1702 --- [    Test worker] org.hibernate.type.BasicTypeRegistry     : Adding type registration nstring -> org.hibernate.type.StringNVarcharType@7676acde
2021-07-19 19:19:05.462 DEBUG 1702 --- [    Test worker] org.hibernate.type.BasicTypeRegistry     : Adding type registration ncharacter -> org.hibernate.type.CharacterNCharType@5e964fd4
2021-07-19 19:19:05.463 DEBUG 1702 --- [    Test worker] org.hibernate.type.BasicTypeRegistry     : Adding type registration url -> org.hibernate.type.UrlType@1b63688c
2021-07-19 19:19:05.466 DEBUG 1702 --- [    Test worker] org.hibernate.type.BasicTypeRegistry     : Adding type registration java.net.URL -> org.hibernate.type.UrlType@1b63688c
2021-07-19 19:19:05.471 DEBUG 1702 --- [    Test worker] org.hibernate.type.BasicTypeRegistry     : Adding type registration Duration -> org.hibernate.type.DurationType@7133b789
2021-07-19 19:19:05.473 DEBUG 1702 --- [    Test worker] org.hibernate.type.BasicTypeRegistry     : Adding type registration java.time.Duration -> org.hibernate.type.DurationType@7133b789
2021-07-19 19:19:05.476 DEBUG 1702 --- [    Test worker] org.hibernate.type.BasicTypeRegistry     : Adding type registration Instant -> org.hibernate.type.InstantType@75138c6e
2021-07-19 19:19:05.476 DEBUG 1702 --- [    Test worker] org.hibernate.type.BasicTypeRegistry     : Adding type registration java.time.Instant -> org.hibernate.type.InstantType@75138c6e
2021-07-19 19:19:05.478 DEBUG 1702 --- [    Test worker] org.hibernate.type.BasicTypeRegistry     : Adding type registration LocalDateTime -> org.hibernate.type.LocalDateTimeType@6773e113
2021-07-19 19:19:05.479 DEBUG 1702 --- [    Test worker] org.hibernate.type.BasicTypeRegistry     : Adding type registration java.time.LocalDateTime -> org.hibernate.type.LocalDateTimeType@6773e113
2021-07-19 19:19:05.481 DEBUG 1702 --- [    Test worker] org.hibernate.type.BasicTypeRegistry     : Adding type registration LocalDate -> org.hibernate.type.LocalDateType@69fa8247
2021-07-19 19:19:05.482 DEBUG 1702 --- [    Test worker] org.hibernate.type.BasicTypeRegistry     : Adding type registration java.time.LocalDate -> org.hibernate.type.LocalDateType@69fa8247
2021-07-19 19:19:05.484 DEBUG 1702 --- [    Test worker] org.hibernate.type.BasicTypeRegistry     : Adding type registration LocalTime -> org.hibernate.type.LocalTimeType@6006ce74
2021-07-19 19:19:05.485 DEBUG 1702 --- [    Test worker] org.hibernate.type.BasicTypeRegistry     : Adding type registration java.time.LocalTime -> org.hibernate.type.LocalTimeType@6006ce74
2021-07-19 19:19:05.489 DEBUG 1702 --- [    Test worker] org.hibernate.type.BasicTypeRegistry     : Adding type registration OffsetDateTime -> org.hibernate.type.OffsetDateTimeType@97d6de2
2021-07-19 19:19:05.491 DEBUG 1702 --- [    Test worker] org.hibernate.type.BasicTypeRegistry     : Adding type registration java.time.OffsetDateTime -> org.hibernate.type.OffsetDateTimeType@97d6de2
2021-07-19 19:19:05.497 DEBUG 1702 --- [    Test worker] org.hibernate.type.BasicTypeRegistry     : Adding type registration OffsetTime -> org.hibernate.type.OffsetTimeType@281de295
2021-07-19 19:19:05.498 DEBUG 1702 --- [    Test worker] org.hibernate.type.BasicTypeRegistry     : Adding type registration java.time.OffsetTime -> org.hibernate.type.OffsetTimeType@281de295
2021-07-19 19:19:05.500 DEBUG 1702 --- [    Test worker] org.hibernate.type.BasicTypeRegistry     : Adding type registration ZonedDateTime -> org.hibernate.type.ZonedDateTimeType@7973e2d9
2021-07-19 19:19:05.501 DEBUG 1702 --- [    Test worker] org.hibernate.type.BasicTypeRegistry     : Adding type registration java.time.ZonedDateTime -> org.hibernate.type.ZonedDateTimeType@7973e2d9
2021-07-19 19:19:05.502 DEBUG 1702 --- [    Test worker] org.hibernate.type.BasicTypeRegistry     : Adding type registration date -> org.hibernate.type.DateType@1dfb514f
2021-07-19 19:19:05.503 DEBUG 1702 --- [    Test worker] org.hibernate.type.BasicTypeRegistry     : Adding type registration java.sql.Date -> org.hibernate.type.DateType@1dfb514f
2021-07-19 19:19:05.504 DEBUG 1702 --- [    Test worker] org.hibernate.type.BasicTypeRegistry     : Adding type registration time -> org.hibernate.type.TimeType@2e3b037a
2021-07-19 19:19:05.505 DEBUG 1702 --- [    Test worker] org.hibernate.type.BasicTypeRegistry     : Adding type registration java.sql.Time -> org.hibernate.type.TimeType@2e3b037a
2021-07-19 19:19:05.506 DEBUG 1702 --- [    Test worker] org.hibernate.type.BasicTypeRegistry     : Adding type registration timestamp -> org.hibernate.type.TimestampType@4ee6a27d
2021-07-19 19:19:05.507 DEBUG 1702 --- [    Test worker] org.hibernate.type.BasicTypeRegistry     : Adding type registration java.sql.Timestamp -> org.hibernate.type.TimestampType@4ee6a27d
2021-07-19 19:19:05.508 DEBUG 1702 --- [    Test worker] org.hibernate.type.BasicTypeRegistry     : Adding type registration java.util.Date -> org.hibernate.type.TimestampType@4ee6a27d
2021-07-19 19:19:05.514 DEBUG 1702 --- [    Test worker] org.hibernate.type.BasicTypeRegistry     : Adding type registration dbtimestamp -> org.hibernate.type.DbTimestampType@322bf437
2021-07-19 19:19:05.515 DEBUG 1702 --- [    Test worker] org.hibernate.type.BasicTypeRegistry     : Adding type registration calendar -> org.hibernate.type.CalendarType@2b4b8906
2021-07-19 19:19:05.516 DEBUG 1702 --- [    Test worker] org.hibernate.type.BasicTypeRegistry     : Adding type registration java.util.Calendar -> org.hibernate.type.CalendarType@2b4b8906
2021-07-19 19:19:05.516 DEBUG 1702 --- [    Test worker] org.hibernate.type.BasicTypeRegistry     : Adding type registration java.util.GregorianCalendar -> org.hibernate.type.CalendarType@2b4b8906
2021-07-19 19:19:05.518 DEBUG 1702 --- [    Test worker] org.hibernate.type.BasicTypeRegistry     : Adding type registration calendar_date -> org.hibernate.type.CalendarDateType@51868938
2021-07-19 19:19:05.519 DEBUG 1702 --- [    Test worker] org.hibernate.type.BasicTypeRegistry     : Adding type registration calendar_time -> org.hibernate.type.CalendarTimeType@c4609f1
2021-07-19 19:19:05.520 DEBUG 1702 --- [    Test worker] org.hibernate.type.BasicTypeRegistry     : Adding type registration locale -> org.hibernate.type.LocaleType@77e6a041
2021-07-19 19:19:05.520 DEBUG 1702 --- [    Test worker] org.hibernate.type.BasicTypeRegistry     : Adding type registration java.util.Locale -> org.hibernate.type.LocaleType@77e6a041
2021-07-19 19:19:05.521 DEBUG 1702 --- [    Test worker] org.hibernate.type.BasicTypeRegistry     : Adding type registration currency -> org.hibernate.type.CurrencyType@30c0ff19
2021-07-19 19:19:05.522 DEBUG 1702 --- [    Test worker] org.hibernate.type.BasicTypeRegistry     : Adding type registration java.util.Currency -> org.hibernate.type.CurrencyType@30c0ff19
2021-07-19 19:19:05.523 DEBUG 1702 --- [    Test worker] org.hibernate.type.BasicTypeRegistry     : Adding type registration timezone -> org.hibernate.type.TimeZoneType@5540d66a
2021-07-19 19:19:05.524 DEBUG 1702 --- [    Test worker] org.hibernate.type.BasicTypeRegistry     : Adding type registration java.util.TimeZone -> org.hibernate.type.TimeZoneType@5540d66a
2021-07-19 19:19:05.525 DEBUG 1702 --- [    Test worker] org.hibernate.type.BasicTypeRegistry     : Adding type registration class -> org.hibernate.type.ClassType@2151a5e6
2021-07-19 19:19:05.528 DEBUG 1702 --- [    Test worker] org.hibernate.type.BasicTypeRegistry     : Adding type registration java.lang.Class -> org.hibernate.type.ClassType@2151a5e6
2021-07-19 19:19:05.531 DEBUG 1702 --- [    Test worker] org.hibernate.type.BasicTypeRegistry     : Adding type registration uuid-binary -> org.hibernate.type.UUIDBinaryType@438717bd
2021-07-19 19:19:05.532 DEBUG 1702 --- [    Test worker] org.hibernate.type.BasicTypeRegistry     : Adding type registration java.util.UUID -> org.hibernate.type.UUIDBinaryType@438717bd
2021-07-19 19:19:05.532 DEBUG 1702 --- [    Test worker] org.hibernate.type.BasicTypeRegistry     : Adding type registration uuid-char -> org.hibernate.type.UUIDCharType@88ba74
2021-07-19 19:19:05.534 DEBUG 1702 --- [    Test worker] org.hibernate.type.BasicTypeRegistry     : Adding type registration binary -> org.hibernate.type.BinaryType@507532fd
2021-07-19 19:19:05.534 DEBUG 1702 --- [    Test worker] org.hibernate.type.BasicTypeRegistry     : Adding type registration byte[] -> org.hibernate.type.BinaryType@507532fd
2021-07-19 19:19:05.535 DEBUG 1702 --- [    Test worker] org.hibernate.type.BasicTypeRegistry     : Adding type registration [B -> org.hibernate.type.BinaryType@507532fd
2021-07-19 19:19:05.537 DEBUG 1702 --- [    Test worker] org.hibernate.type.BasicTypeRegistry     : Adding type registration wrapper-binary -> org.hibernate.type.WrapperBinaryType@61f46ba0
2021-07-19 19:19:05.538 DEBUG 1702 --- [    Test worker] org.hibernate.type.BasicTypeRegistry     : Adding type registration Byte[] -> org.hibernate.type.WrapperBinaryType@61f46ba0
2021-07-19 19:19:05.539 DEBUG 1702 --- [    Test worker] org.hibernate.type.BasicTypeRegistry     : Adding type registration [Ljava.lang.Byte; -> org.hibernate.type.WrapperBinaryType@61f46ba0
2021-07-19 19:19:05.540 DEBUG 1702 --- [    Test worker] org.hibernate.type.BasicTypeRegistry     : Adding type registration row_version -> org.hibernate.type.RowVersionType@2fd40286
2021-07-19 19:19:05.541 DEBUG 1702 --- [    Test worker] org.hibernate.type.BasicTypeRegistry     : Adding type registration image -> org.hibernate.type.ImageType@52f5b600
2021-07-19 19:19:05.545 DEBUG 1702 --- [    Test worker] org.hibernate.type.BasicTypeRegistry     : Adding type registration characters -> org.hibernate.type.CharArrayType@75739cd5
2021-07-19 19:19:05.547 DEBUG 1702 --- [    Test worker] org.hibernate.type.BasicTypeRegistry     : Adding type registration char[] -> org.hibernate.type.CharArrayType@75739cd5
2021-07-19 19:19:05.548 DEBUG 1702 --- [    Test worker] org.hibernate.type.BasicTypeRegistry     : Adding type registration [C -> org.hibernate.type.CharArrayType@75739cd5
2021-07-19 19:19:05.550 DEBUG 1702 --- [    Test worker] org.hibernate.type.BasicTypeRegistry     : Adding type registration wrapper-characters -> org.hibernate.type.CharacterArrayType@409be74b
2021-07-19 19:19:05.552 DEBUG 1702 --- [    Test worker] org.hibernate.type.BasicTypeRegistry     : Adding type registration [Ljava.lang.Character; -> org.hibernate.type.CharacterArrayType@409be74b
2021-07-19 19:19:05.553 DEBUG 1702 --- [    Test worker] org.hibernate.type.BasicTypeRegistry     : Adding type registration Character[] -> org.hibernate.type.CharacterArrayType@409be74b
2021-07-19 19:19:05.554 DEBUG 1702 --- [    Test worker] org.hibernate.type.BasicTypeRegistry     : Adding type registration text -> org.hibernate.type.TextType@6f703b5
2021-07-19 19:19:05.554 DEBUG 1702 --- [    Test worker] org.hibernate.type.BasicTypeRegistry     : Adding type registration ntext -> org.hibernate.type.NTextType@71c271ec
2021-07-19 19:19:05.557 DEBUG 1702 --- [    Test worker] org.hibernate.type.BasicTypeRegistry     : Adding type registration blob -> org.hibernate.type.BlobType@746f96bd
2021-07-19 19:19:05.558 DEBUG 1702 --- [    Test worker] org.hibernate.type.BasicTypeRegistry     : Adding type registration java.sql.Blob -> org.hibernate.type.BlobType@746f96bd
2021-07-19 19:19:05.559 DEBUG 1702 --- [    Test worker] org.hibernate.type.BasicTypeRegistry     : Adding type registration materialized_blob -> org.hibernate.type.MaterializedBlobType@af03668
2021-07-19 19:19:05.562 DEBUG 1702 --- [    Test worker] org.hibernate.type.BasicTypeRegistry     : Adding type registration clob -> org.hibernate.type.ClobType@857abf2
2021-07-19 19:19:05.563 DEBUG 1702 --- [    Test worker] org.hibernate.type.BasicTypeRegistry     : Adding type registration java.sql.Clob -> org.hibernate.type.ClobType@857abf2
2021-07-19 19:19:05.564 DEBUG 1702 --- [    Test worker] org.hibernate.type.BasicTypeRegistry     : Adding type registration nclob -> org.hibernate.type.NClobType@165e25ec
2021-07-19 19:19:05.565 DEBUG 1702 --- [    Test worker] org.hibernate.type.BasicTypeRegistry     : Adding type registration java.sql.NClob -> org.hibernate.type.NClobType@165e25ec
2021-07-19 19:19:05.566 DEBUG 1702 --- [    Test worker] org.hibernate.type.BasicTypeRegistry     : Adding type registration materialized_clob -> org.hibernate.type.MaterializedClobType@63f764a9
2021-07-19 19:19:05.567 DEBUG 1702 --- [    Test worker] org.hibernate.type.BasicTypeRegistry     : Adding type registration materialized_nclob -> org.hibernate.type.MaterializedNClobType@170101bf
2021-07-19 19:19:05.569 DEBUG 1702 --- [    Test worker] org.hibernate.type.BasicTypeRegistry     : Adding type registration serializable -> org.hibernate.type.SerializableType@399e3d89
2021-07-19 19:19:05.572 DEBUG 1702 --- [    Test worker] org.hibernate.type.BasicTypeRegistry     : Adding type registration object -> org.hibernate.type.ObjectType@69edf3ec
2021-07-19 19:19:05.574 DEBUG 1702 --- [    Test worker] org.hibernate.type.BasicTypeRegistry     : Adding type registration java.lang.Object -> org.hibernate.type.ObjectType@69edf3ec
2021-07-19 19:19:05.576 DEBUG 1702 --- [    Test worker] org.hibernate.type.BasicTypeRegistry     : Adding type registration imm_date -> org.hibernate.type.AdaptedImmutableType@23bdf378
2021-07-19 19:19:05.577 DEBUG 1702 --- [    Test worker] org.hibernate.type.BasicTypeRegistry     : Adding type registration imm_time -> org.hibernate.type.AdaptedImmutableType@1557cc72
2021-07-19 19:19:05.577 DEBUG 1702 --- [    Test worker] org.hibernate.type.BasicTypeRegistry     : Adding type registration imm_timestamp -> org.hibernate.type.AdaptedImmutableType@648325e9
2021-07-19 19:19:05.578 DEBUG 1702 --- [    Test worker] org.hibernate.type.BasicTypeRegistry     : Adding type registration imm_dbtimestamp -> org.hibernate.type.AdaptedImmutableType@91223a1
2021-07-19 19:19:05.580 DEBUG 1702 --- [    Test worker] org.hibernate.type.BasicTypeRegistry     : Adding type registration imm_calendar -> org.hibernate.type.AdaptedImmutableType@45f827c8
2021-07-19 19:19:05.582 DEBUG 1702 --- [    Test worker] org.hibernate.type.BasicTypeRegistry     : Adding type registration imm_calendar_date -> org.hibernate.type.AdaptedImmutableType@6ee74759
2021-07-19 19:19:05.583 DEBUG 1702 --- [    Test worker] org.hibernate.type.BasicTypeRegistry     : Adding type registration imm_binary -> org.hibernate.type.AdaptedImmutableType@13368b01
2021-07-19 19:19:05.584 DEBUG 1702 --- [    Test worker] org.hibernate.type.BasicTypeRegistry     : Adding type registration imm_serializable -> org.hibernate.type.AdaptedImmutableType@b21aded
2021-07-19 19:19:05.663  INFO 1702 --- [    Test worker] com.zaxxer.hikari.HikariDataSource       : HikariPool-1 - Starting...
2021-07-19 19:19:05.753  INFO 1702 --- [    Test worker] com.zaxxer.hikari.HikariDataSource       : HikariPool-1 - Start completed.
2021-07-19 19:19:05.782  INFO 1702 --- [    Test worker] org.hibernate.dialect.Dialect            : HHH000400: Using dialect: org.hibernate.dialect.H2Dialect
2021-07-19 19:19:05.904 DEBUG 1702 --- [    Test worker] o.h.type.spi.TypeConfiguration$Scope     : Scoping TypeConfiguration [org.hibernate.type.spi.TypeConfiguration@678b9e56] to MetadataBuildingContext [org.hibernate.boot.internal.MetadataBuildingContextRootImpl@2cfab7d8]
2021-07-19 19:19:06.119 DEBUG 1702 --- [    Test worker] o.h.type.spi.TypeConfiguration$Scope     : Scoping TypeConfiguration [org.hibernate.type.spi.TypeConfiguration@678b9e56] to SessionFactoryImpl [org.hibernate.internal.SessionFactoryImpl@2fae304c]
2021-07-19 19:19:06.472 DEBUG 1702 --- [    Test worker] org.hibernate.SQL                        : 
    
    drop table if exists hello CASCADE 
2021-07-19 19:19:06.488  INFO 1702 --- [    Test worker] p6spy                                    : #1626689946488 | took 7ms | statement | connection 1| url jdbc:h2:tcp://localhost/~/querydsl

    drop table if exists hello CASCADE 

    drop table if exists hello CASCADE ;
2021-07-19 19:19:06.489 DEBUG 1702 --- [    Test worker] org.hibernate.SQL                        : 
    
    drop table if exists member CASCADE 
2021-07-19 19:19:06.494  INFO 1702 --- [    Test worker] p6spy                                    : #1626689946494 | took 5ms | statement | connection 1| url jdbc:h2:tcp://localhost/~/querydsl

    drop table if exists member CASCADE 

    drop table if exists member CASCADE ;
2021-07-19 19:19:06.495 DEBUG 1702 --- [    Test worker] org.hibernate.SQL                        : 
    
    drop table if exists team CASCADE 
2021-07-19 19:19:06.498  INFO 1702 --- [    Test worker] p6spy                                    : #1626689946498 | took 2ms | statement | connection 1| url jdbc:h2:tcp://localhost/~/querydsl

    drop table if exists team CASCADE 

    drop table if exists team CASCADE ;
2021-07-19 19:19:06.498 DEBUG 1702 --- [    Test worker] org.hibernate.SQL                        : 
    
    drop sequence if exists hibernate_sequence
2021-07-19 19:19:06.500  INFO 1702 --- [    Test worker] p6spy                                    : #1626689946500 | took 2ms | statement | connection 1| url jdbc:h2:tcp://localhost/~/querydsl

    drop sequence if exists hibernate_sequence

    drop sequence if exists hibernate_sequence;
2021-07-19 19:19:06.503 DEBUG 1702 --- [    Test worker] org.hibernate.SQL                        : create sequence hibernate_sequence start with 1 increment by 1
2021-07-19 19:19:06.504  INFO 1702 --- [    Test worker] p6spy                                    : #1626689946504 | took 0ms | statement | connection 2| url jdbc:h2:tcp://localhost/~/querydsl
create sequence hibernate_sequence start with 1 increment by 1
create sequence hibernate_sequence start with 1 increment by 1;
2021-07-19 19:19:06.504 DEBUG 1702 --- [    Test worker] org.hibernate.SQL                        : 
    
    create table hello (
       id bigint not null,
        primary key (id)
    )
2021-07-19 19:19:06.509  INFO 1702 --- [    Test worker] p6spy                                    : #1626689946509 | took 5ms | statement | connection 2| url jdbc:h2:tcp://localhost/~/querydsl

    create table hello (
       id bigint not null,
        primary key (id)
    )

    create table hello (
       id bigint not null,
        primary key (id)
    );
2021-07-19 19:19:06.510 DEBUG 1702 --- [    Test worker] org.hibernate.SQL                        : 
    
    create table member (
       member_id bigint not null,
        age integer not null,
        username varchar(255),
        team_id bigint,
        primary key (member_id)
    )
2021-07-19 19:19:06.514  INFO 1702 --- [    Test worker] p6spy                                    : #1626689946514 | took 3ms | statement | connection 2| url jdbc:h2:tcp://localhost/~/querydsl

    create table member (
       member_id bigint not null,
        age integer not null,
        username varchar(255),
        team_id bigint,
        primary key (member_id)
    )

    create table member (
       member_id bigint not null,
        age integer not null,
        username varchar(255),
        team_id bigint,
        primary key (member_id)
    );
2021-07-19 19:19:06.515 DEBUG 1702 --- [    Test worker] org.hibernate.SQL                        : 
    
    create table team (
       id bigint not null,
        name varchar(255),
        primary key (id)
    )
2021-07-19 19:19:06.518  INFO 1702 --- [    Test worker] p6spy                                    : #1626689946518 | took 2ms | statement | connection 2| url jdbc:h2:tcp://localhost/~/querydsl

    create table team (
       id bigint not null,
        name varchar(255),
        primary key (id)
    )

    create table team (
       id bigint not null,
        name varchar(255),
        primary key (id)
    );
2021-07-19 19:19:06.518 DEBUG 1702 --- [    Test worker] org.hibernate.SQL                        : 
    
    alter table member 
       add constraint FKcjte2jn9pvo9ud2hyfgwcja0k 
       foreign key (team_id) 
       references team
2021-07-19 19:19:06.533  INFO 1702 --- [    Test worker] p6spy                                    : #1626689946533 | took 13ms | statement | connection 2| url jdbc:h2:tcp://localhost/~/querydsl

    alter table member 
       add constraint FKcjte2jn9pvo9ud2hyfgwcja0k 
       foreign key (team_id) 
       references team

    alter table member 
       add constraint FKcjte2jn9pvo9ud2hyfgwcja0k 
       foreign key (team_id) 
       references team;
2021-07-19 19:19:06.538  INFO 1702 --- [    Test worker] o.h.e.t.j.p.i.JtaPlatformInitiator       : HHH000490: Using JtaPlatform implementation: [org.hibernate.engine.transaction.jta.platform.internal.NoJtaPlatform]
2021-07-19 19:19:06.544 TRACE 1702 --- [    Test worker] o.h.type.spi.TypeConfiguration$Scope     : Handling #sessionFactoryCreated from [org.hibernate.internal.SessionFactoryImpl@2fae304c] for TypeConfiguration
2021-07-19 19:19:06.549  INFO 1702 --- [    Test worker] j.LocalContainerEntityManagerFactoryBean : Initialized JPA EntityManagerFactory for persistence unit 'default'
2021-07-19 19:19:06.984  WARN 1702 --- [    Test worker] JpaBaseConfiguration$JpaWebConfiguration : spring.jpa.open-in-view is enabled by default. Therefore, database queries may be performed during view rendering. Explicitly configure spring.jpa.open-in-view to disable this warning
2021-07-19 19:19:08.319  INFO 1702 --- [    Test worker] study.querydsl.QuerydslBasicTest         : Started QuerydslBasicTest in 6.246 seconds (JVM running for 7.887)
2021-07-19 19:19:08.486  INFO 1702 --- [    Test worker] o.s.t.c.transaction.TransactionContext   : Began transaction (1) for test context [DefaultTestContext@545fb76e testClass = QuerydslBasicTest, testInstance = study.querydsl.QuerydslBasicTest@41014212, testMethod = fetchJoinUse@QuerydslBasicTest, testException = [null], mergedContextConfiguration = [WebMergedContextConfiguration@7ec27304 testClass = QuerydslBasicTest, locations = '{}', classes = '{class study.querydsl.QuerydslApplication}', contextInitializerClasses = '[]', activeProfiles = '{}', propertySourceLocations = '{}', propertySourceProperties = '{org.springframework.boot.test.context.SpringBootTestContextBootstrapper=true}', contextCustomizers = set[org.springframework.boot.test.autoconfigure.actuate.metrics.MetricsExportContextCustomizerFactory$DisableMetricExportContextCustomizer@7a2dcb71, org.springframework.boot.test.autoconfigure.properties.PropertyMappingContextCustomizer@0, org.springframework.boot.test.autoconfigure.web.servlet.WebDriverContextCustomizerFactory$Customizer@3eaec762, org.springframework.boot.test.context.filter.ExcludeFilterContextCustomizer@190f41f5, org.springframework.boot.test.json.DuplicateJsonObjectContextCustomizerFactory$DuplicateJsonObjectContextCustomizer@7925ae8d, org.springframework.boot.test.mock.mockito.MockitoContextCustomizer@0, org.springframework.boot.test.web.client.TestRestTemplateContextCustomizer@5ff422ff, org.springframework.boot.test.context.SpringBootTestArgs@1, org.springframework.boot.test.context.SpringBootTestWebEnvironment@1cbd5aa], resourceBasePath = 'src/main/webapp', contextLoader = 'org.springframework.boot.test.context.SpringBootContextLoader', parent = [null]], attributes = map['org.springframework.test.context.web.ServletTestExecutionListener.activateListener' -> true, 'org.springframework.test.context.web.ServletTestExecutionListener.populatedRequestContextHolder' -> true, 'org.springframework.test.context.web.ServletTestExecutionListener.resetRequestContextHolder' -> true, 'org.springframework.test.context.event.ApplicationEventsTestExecutionListener.recordApplicationEvents' -> false]]; transaction manager [org.springframework.orm.jpa.JpaTransactionManager@1d7b8373]; rollback [false]
2021-07-19 19:19:08.768 DEBUG 1702 --- [    Test worker] org.hibernate.SQL                        : 
    call next value for hibernate_sequence
2021-07-19 19:19:08.780  INFO 1702 --- [    Test worker] p6spy                                    : #1626689948780 | took 5ms | statement | connection 3| url jdbc:h2:tcp://localhost/~/querydsl
call next value for hibernate_sequence
call next value for hibernate_sequence;
2021-07-19 19:19:08.808 DEBUG 1702 --- [    Test worker] org.hibernate.SQL                        : 
    call next value for hibernate_sequence
2021-07-19 19:19:08.814  INFO 1702 --- [    Test worker] p6spy                                    : #1626689948814 | took 2ms | statement | connection 3| url jdbc:h2:tcp://localhost/~/querydsl
call next value for hibernate_sequence
call next value for hibernate_sequence;
2021-07-19 19:19:08.816 DEBUG 1702 --- [    Test worker] org.hibernate.SQL                        : 
    call next value for hibernate_sequence
2021-07-19 19:19:08.818  INFO 1702 --- [    Test worker] p6spy                                    : #1626689948818 | took 0ms | statement | connection 3| url jdbc:h2:tcp://localhost/~/querydsl
call next value for hibernate_sequence
call next value for hibernate_sequence;
2021-07-19 19:19:08.821 DEBUG 1702 --- [    Test worker] org.hibernate.SQL                        : 
    call next value for hibernate_sequence
2021-07-19 19:19:08.825  INFO 1702 --- [    Test worker] p6spy                                    : #1626689948825 | took 2ms | statement | connection 3| url jdbc:h2:tcp://localhost/~/querydsl
call next value for hibernate_sequence
call next value for hibernate_sequence;
2021-07-19 19:19:08.826 DEBUG 1702 --- [    Test worker] org.hibernate.SQL                        : 
    call next value for hibernate_sequence
2021-07-19 19:19:08.828  INFO 1702 --- [    Test worker] p6spy                                    : #1626689948828 | took 0ms | statement | connection 3| url jdbc:h2:tcp://localhost/~/querydsl
call next value for hibernate_sequence
call next value for hibernate_sequence;
2021-07-19 19:19:08.829 DEBUG 1702 --- [    Test worker] org.hibernate.SQL                        : 
    call next value for hibernate_sequence
2021-07-19 19:19:08.831  INFO 1702 --- [    Test worker] p6spy                                    : #1626689948831 | took 0ms | statement | connection 3| url jdbc:h2:tcp://localhost/~/querydsl
call next value for hibernate_sequence
call next value for hibernate_sequence;
2021-07-19 19:19:08.841 DEBUG 1702 --- [    Test worker] org.hibernate.SQL                        : 
    insert 
    into
        team
        (name, id) 
    values
        (?, ?)
2021-07-19 19:19:08.852 TRACE 1702 --- [    Test worker] o.h.type.descriptor.sql.BasicBinder      : binding parameter [1] as [VARCHAR] - [teamA]
2021-07-19 19:19:08.854 TRACE 1702 --- [    Test worker] o.h.type.descriptor.sql.BasicBinder      : binding parameter [2] as [BIGINT] - [1]
2021-07-19 19:19:08.855  INFO 1702 --- [    Test worker] p6spy                                    : #1626689948855 | took 0ms | statement | connection 3| url jdbc:h2:tcp://localhost/~/querydsl
insert into team (name, id) values (?, ?)
insert into team (name, id) values ('teamA', 1);
2021-07-19 19:19:08.857 DEBUG 1702 --- [    Test worker] org.hibernate.SQL                        : 
    insert 
    into
        team
        (name, id) 
    values
        (?, ?)
2021-07-19 19:19:08.859 TRACE 1702 --- [    Test worker] o.h.type.descriptor.sql.BasicBinder      : binding parameter [1] as [VARCHAR] - [teamB]
2021-07-19 19:19:08.860 TRACE 1702 --- [    Test worker] o.h.type.descriptor.sql.BasicBinder      : binding parameter [2] as [BIGINT] - [2]
2021-07-19 19:19:08.861  INFO 1702 --- [    Test worker] p6spy                                    : #1626689948861 | took 0ms | statement | connection 3| url jdbc:h2:tcp://localhost/~/querydsl
insert into team (name, id) values (?, ?)
insert into team (name, id) values ('teamB', 2);
2021-07-19 19:19:08.862 DEBUG 1702 --- [    Test worker] org.hibernate.SQL                        : 
    insert 
    into
        member
        (age, team_id, username, member_id) 
    values
        (?, ?, ?, ?)
2021-07-19 19:19:08.865 TRACE 1702 --- [    Test worker] o.h.type.descriptor.sql.BasicBinder      : binding parameter [1] as [INTEGER] - [10]
2021-07-19 19:19:08.867 TRACE 1702 --- [    Test worker] o.h.type.descriptor.sql.BasicBinder      : binding parameter [2] as [BIGINT] - [1]
2021-07-19 19:19:08.868 TRACE 1702 --- [    Test worker] o.h.type.descriptor.sql.BasicBinder      : binding parameter [3] as [VARCHAR] - [member1]
2021-07-19 19:19:08.870 TRACE 1702 --- [    Test worker] o.h.type.descriptor.sql.BasicBinder      : binding parameter [4] as [BIGINT] - [3]
2021-07-19 19:19:08.871  INFO 1702 --- [    Test worker] p6spy                                    : #1626689948871 | took 0ms | statement | connection 3| url jdbc:h2:tcp://localhost/~/querydsl
insert into member (age, team_id, username, member_id) values (?, ?, ?, ?)
insert into member (age, team_id, username, member_id) values (10, 1, 'member1', 3);
2021-07-19 19:19:08.872 DEBUG 1702 --- [    Test worker] org.hibernate.SQL                        : 
    insert 
    into
        member
        (age, team_id, username, member_id) 
    values
        (?, ?, ?, ?)
2021-07-19 19:19:08.873 TRACE 1702 --- [    Test worker] o.h.type.descriptor.sql.BasicBinder      : binding parameter [1] as [INTEGER] - [20]
2021-07-19 19:19:08.876 TRACE 1702 --- [    Test worker] o.h.type.descriptor.sql.BasicBinder      : binding parameter [2] as [BIGINT] - [1]
2021-07-19 19:19:08.878 TRACE 1702 --- [    Test worker] o.h.type.descriptor.sql.BasicBinder      : binding parameter [3] as [VARCHAR] - [member2]
2021-07-19 19:19:08.879 TRACE 1702 --- [    Test worker] o.h.type.descriptor.sql.BasicBinder      : binding parameter [4] as [BIGINT] - [4]
2021-07-19 19:19:08.880  INFO 1702 --- [    Test worker] p6spy                                    : #1626689948880 | took 0ms | statement | connection 3| url jdbc:h2:tcp://localhost/~/querydsl
insert into member (age, team_id, username, member_id) values (?, ?, ?, ?)
insert into member (age, team_id, username, member_id) values (20, 1, 'member2', 4);
2021-07-19 19:19:08.881 DEBUG 1702 --- [    Test worker] org.hibernate.SQL                        : 
    insert 
    into
        member
        (age, team_id, username, member_id) 
    values
        (?, ?, ?, ?)
2021-07-19 19:19:08.883 TRACE 1702 --- [    Test worker] o.h.type.descriptor.sql.BasicBinder      : binding parameter [1] as [INTEGER] - [30]
2021-07-19 19:19:08.884 TRACE 1702 --- [    Test worker] o.h.type.descriptor.sql.BasicBinder      : binding parameter [2] as [BIGINT] - [2]
2021-07-19 19:19:08.885 TRACE 1702 --- [    Test worker] o.h.type.descriptor.sql.BasicBinder      : binding parameter [3] as [VARCHAR] - [member3]
2021-07-19 19:19:08.886 TRACE 1702 --- [    Test worker] o.h.type.descriptor.sql.BasicBinder      : binding parameter [4] as [BIGINT] - [5]
2021-07-19 19:19:08.887  INFO 1702 --- [    Test worker] p6spy                                    : #1626689948887 | took 0ms | statement | connection 3| url jdbc:h2:tcp://localhost/~/querydsl
insert into member (age, team_id, username, member_id) values (?, ?, ?, ?)
insert into member (age, team_id, username, member_id) values (30, 2, 'member3', 5);
2021-07-19 19:19:08.887 DEBUG 1702 --- [    Test worker] org.hibernate.SQL                        : 
    insert 
    into
        member
        (age, team_id, username, member_id) 
    values
        (?, ?, ?, ?)
2021-07-19 19:19:08.893 TRACE 1702 --- [    Test worker] o.h.type.descriptor.sql.BasicBinder      : binding parameter [1] as [INTEGER] - [40]
2021-07-19 19:19:08.897 TRACE 1702 --- [    Test worker] o.h.type.descriptor.sql.BasicBinder      : binding parameter [2] as [BIGINT] - [2]
2021-07-19 19:19:08.899 TRACE 1702 --- [    Test worker] o.h.type.descriptor.sql.BasicBinder      : binding parameter [3] as [VARCHAR] - [member4]
2021-07-19 19:19:08.901 TRACE 1702 --- [    Test worker] o.h.type.descriptor.sql.BasicBinder      : binding parameter [4] as [BIGINT] - [6]
2021-07-19 19:19:08.902  INFO 1702 --- [    Test worker] p6spy                                    : #1626689948902 | took 0ms | statement | connection 3| url jdbc:h2:tcp://localhost/~/querydsl
insert into member (age, team_id, username, member_id) values (?, ?, ?, ?)
insert into member (age, team_id, username, member_id) values (40, 2, 'member4', 6);
2021-07-19 19:19:09.182 DEBUG 1702 --- [    Test worker] org.hibernate.SQL                        : 
    select
        member0_.member_id as member_i1_1_0_,
        team1_.id as id1_2_1_,
        member0_.age as age2_1_0_,
        member0_.team_id as team_id4_1_0_,
        member0_.username as username3_1_0_,
        team1_.name as name2_2_1_ 
    from
        member member0_ 
    inner join
        team team1_ 
            on member0_.team_id=team1_.id 
    where
        member0_.username=?
2021-07-19 19:19:09.210 TRACE 1702 --- [    Test worker] o.h.type.descriptor.sql.BasicBinder      : binding parameter [1] as [VARCHAR] - [member1]
2021-07-19 19:19:09.218  INFO 1702 --- [    Test worker] p6spy                                    : #1626689949218 | took 6ms | statement | connection 3| url jdbc:h2:tcp://localhost/~/querydsl
select member0_.member_id as member_i1_1_0_, team1_.id as id1_2_1_, member0_.age as age2_1_0_, member0_.team_id as team_id4_1_0_, member0_.username as username3_1_0_, team1_.name as name2_2_1_ from member member0_ inner join team team1_ on member0_.team_id=team1_.id where member0_.username=?
select member0_.member_id as member_i1_1_0_, team1_.id as id1_2_1_, member0_.age as age2_1_0_, member0_.team_id as team_id4_1_0_, member0_.username as username3_1_0_, team1_.name as name2_2_1_ from member member0_ inner join team team1_ on member0_.team_id=team1_.id where member0_.username='member1';
2021-07-19 19:19:09.223 TRACE 1702 --- [    Test worker] o.h.type.descriptor.sql.BasicExtractor   : extracted value ([member_i1_1_0_] : [BIGINT]) - [3]
2021-07-19 19:19:09.225 TRACE 1702 --- [    Test worker] o.h.type.descriptor.sql.BasicExtractor   : extracted value ([id1_2_1_] : [BIGINT]) - [1]
2021-07-19 19:19:09.228 TRACE 1702 --- [    Test worker] o.h.type.descriptor.sql.BasicExtractor   : extracted value ([age2_1_0_] : [INTEGER]) - [10]
2021-07-19 19:19:09.229 TRACE 1702 --- [    Test worker] o.h.type.descriptor.sql.BasicExtractor   : extracted value ([team_id4_1_0_] : [BIGINT]) - [1]
2021-07-19 19:19:09.231 TRACE 1702 --- [    Test worker] o.h.type.descriptor.sql.BasicExtractor   : extracted value ([username3_1_0_] : [VARCHAR]) - [member1]
2021-07-19 19:19:09.232 TRACE 1702 --- [    Test worker] o.h.type.descriptor.sql.BasicExtractor   : extracted value ([name2_2_1_] : [VARCHAR]) - [teamA]
2021-07-19 19:19:09.279 TRACE 1702 --- [    Test worker] org.hibernate.type.CollectionType        : Created collection wrapper: [study.querydsl.entity.Team.members#1]
2021-07-19 19:19:09.348  INFO 1702 --- [    Test worker] p6spy                                    : #1626689949348 | took 7ms | commit | connection 3| url jdbc:h2:tcp://localhost/~/querydsl

;
2021-07-19 19:19:09.351  INFO 1702 --- [    Test worker] o.s.t.c.transaction.TransactionContext   : Committed transaction for test: [DefaultTestContext@545fb76e testClass = QuerydslBasicTest, testInstance = study.querydsl.QuerydslBasicTest@41014212, testMethod = fetchJoinUse@QuerydslBasicTest, testException = [null], mergedContextConfiguration = [WebMergedContextConfiguration@7ec27304 testClass = QuerydslBasicTest, locations = '{}', classes = '{class study.querydsl.QuerydslApplication}', contextInitializerClasses = '[]', activeProfiles = '{}', propertySourceLocations = '{}', propertySourceProperties = '{org.springframework.boot.test.context.SpringBootTestContextBootstrapper=true}', contextCustomizers = set[org.springframework.boot.test.autoconfigure.actuate.metrics.MetricsExportContextCustomizerFactory$DisableMetricExportContextCustomizer@7a2dcb71, org.springframework.boot.test.autoconfigure.properties.PropertyMappingContextCustomizer@0, org.springframework.boot.test.autoconfigure.web.servlet.WebDriverContextCustomizerFactory$Customizer@3eaec762, org.springframework.boot.test.context.filter.ExcludeFilterContextCustomizer@190f41f5, org.springframework.boot.test.json.DuplicateJsonObjectContextCustomizerFactory$DuplicateJsonObjectContextCustomizer@7925ae8d, org.springframework.boot.test.mock.mockito.MockitoContextCustomizer@0, org.springframework.boot.test.web.client.TestRestTemplateContextCustomizer@5ff422ff, org.springframework.boot.test.context.SpringBootTestArgs@1, org.springframework.boot.test.context.SpringBootTestWebEnvironment@1cbd5aa], resourceBasePath = 'src/main/webapp', contextLoader = 'org.springframework.boot.test.context.SpringBootContextLoader', parent = [null]], attributes = map['org.springframework.test.context.web.ServletTestExecutionListener.activateListener' -> true, 'org.springframework.test.context.web.ServletTestExecutionListener.populatedRequestContextHolder' -> true, 'org.springframework.test.context.web.ServletTestExecutionListener.resetRequestContextHolder' -> true, 'org.springframework.test.context.event.ApplicationEventsTestExecutionListener.recordApplicationEvents' -> false]]
]]></system-out>
  <system-err><![CDATA[]]></system-err>
</testsuite>
