<?xml version="1.0" encoding="UTF-8"?>
<testsuite name="study.querydsl.QuerydslBasicTest" tests="1" skipped="0" failures="0" errors="0" timestamp="2021-07-21T10:19:39" hostname="jeongjiwon-ui-Macmini.local" time="0.871">
  <properties/>
  <testcase name="findUserDto()" classname="study.querydsl.QuerydslBasicTest" time="0.871"/>
  <system-out><![CDATA[19:19:33.540 [Test worker] DEBUG org.springframework.test.context.BootstrapUtils - Instantiating CacheAwareContextLoaderDelegate from class [org.springframework.test.context.cache.DefaultCacheAwareContextLoaderDelegate]
19:19:33.554 [Test worker] DEBUG org.springframework.test.context.BootstrapUtils - Instantiating BootstrapContext using constructor [public org.springframework.test.context.support.DefaultBootstrapContext(java.lang.Class,org.springframework.test.context.CacheAwareContextLoaderDelegate)]
19:19:33.598 [Test worker] DEBUG org.springframework.test.context.BootstrapUtils - Instantiating TestContextBootstrapper for test class [study.querydsl.QuerydslBasicTest] from class [org.springframework.boot.test.context.SpringBootTestContextBootstrapper]
19:19:33.610 [Test worker] INFO org.springframework.boot.test.context.SpringBootTestContextBootstrapper - Neither @ContextConfiguration nor @ContextHierarchy found for test class [study.querydsl.QuerydslBasicTest], using SpringBootContextLoader
19:19:33.615 [Test worker] DEBUG org.springframework.test.context.support.AbstractContextLoader - Did not detect default resource location for test class [study.querydsl.QuerydslBasicTest]: class path resource [study/querydsl/QuerydslBasicTest-context.xml] does not exist
19:19:33.616 [Test worker] DEBUG org.springframework.test.context.support.AbstractContextLoader - Did not detect default resource location for test class [study.querydsl.QuerydslBasicTest]: class path resource [study/querydsl/QuerydslBasicTestContext.groovy] does not exist
19:19:33.617 [Test worker] INFO org.springframework.test.context.support.AbstractContextLoader - Could not detect default resource locations for test class [study.querydsl.QuerydslBasicTest]: no resource found for suffixes {-context.xml, Context.groovy}.
19:19:33.618 [Test worker] INFO org.springframework.test.context.support.AnnotationConfigContextLoaderUtils - Could not detect default configuration classes for test class [study.querydsl.QuerydslBasicTest]: QuerydslBasicTest does not declare any static, non-private, non-final, nested classes annotated with @Configuration.
19:19:33.678 [Test worker] DEBUG org.springframework.test.context.support.ActiveProfilesUtils - Could not find an 'annotation declaring class' for annotation type [org.springframework.test.context.ActiveProfiles] and class [study.querydsl.QuerydslBasicTest]
19:19:33.748 [Test worker] DEBUG org.springframework.context.annotation.ClassPathScanningCandidateComponentProvider - Identified candidate component class: file [/Users/jiwon/dev-study/inflearn-querydsl/build/classes/java/main/study/querydsl/QuerydslApplication.class]
19:19:33.750 [Test worker] INFO org.springframework.boot.test.context.SpringBootTestContextBootstrapper - Found @SpringBootConfiguration study.querydsl.QuerydslApplication for test class study.querydsl.QuerydslBasicTest
19:19:33.861 [Test worker] DEBUG org.springframework.boot.test.context.SpringBootTestContextBootstrapper - @TestExecutionListeners is not present for class [study.querydsl.QuerydslBasicTest]: using defaults.
19:19:33.863 [Test worker] INFO org.springframework.boot.test.context.SpringBootTestContextBootstrapper - Loaded default TestExecutionListener class names from location [META-INF/spring.factories]: [org.springframework.boot.test.autoconfigure.restdocs.RestDocsTestExecutionListener, org.springframework.boot.test.autoconfigure.web.client.MockRestServiceServerResetTestExecutionListener, org.springframework.boot.test.autoconfigure.web.servlet.MockMvcPrintOnlyOnFailureTestExecutionListener, org.springframework.boot.test.autoconfigure.web.servlet.WebDriverTestExecutionListener, org.springframework.boot.test.autoconfigure.webservices.client.MockWebServiceServerTestExecutionListener, org.springframework.boot.test.mock.mockito.MockitoTestExecutionListener, org.springframework.boot.test.mock.mockito.ResetMocksTestExecutionListener, org.springframework.test.context.web.ServletTestExecutionListener, org.springframework.test.context.support.DirtiesContextBeforeModesTestExecutionListener, org.springframework.test.context.event.ApplicationEventsTestExecutionListener, org.springframework.test.context.support.DependencyInjectionTestExecutionListener, org.springframework.test.context.support.DirtiesContextTestExecutionListener, org.springframework.test.context.transaction.TransactionalTestExecutionListener, org.springframework.test.context.jdbc.SqlScriptsTestExecutionListener, org.springframework.test.context.event.EventPublishingTestExecutionListener]
19:19:33.878 [Test worker] INFO org.springframework.boot.test.context.SpringBootTestContextBootstrapper - Using TestExecutionListeners: [org.springframework.test.context.web.ServletTestExecutionListener@3551d6a2, org.springframework.test.context.support.DirtiesContextBeforeModesTestExecutionListener@11711d74, org.springframework.test.context.event.ApplicationEventsTestExecutionListener@37a49bef, org.springframework.boot.test.mock.mockito.MockitoTestExecutionListener@70b8cf3c, org.springframework.boot.test.autoconfigure.SpringBootDependencyInjectionTestExecutionListener@4b67f34f, org.springframework.test.context.support.DirtiesContextTestExecutionListener@52e4cdea, org.springframework.test.context.transaction.TransactionalTestExecutionListener@418c4fba, org.springframework.test.context.jdbc.SqlScriptsTestExecutionListener@777bb998, org.springframework.test.context.event.EventPublishingTestExecutionListener@372d1b3, org.springframework.boot.test.autoconfigure.restdocs.RestDocsTestExecutionListener@770dc7aa, org.springframework.boot.test.autoconfigure.web.client.MockRestServiceServerResetTestExecutionListener@545fb76e, org.springframework.boot.test.autoconfigure.web.servlet.MockMvcPrintOnlyOnFailureTestExecutionListener@7ec27304, org.springframework.boot.test.autoconfigure.web.servlet.WebDriverTestExecutionListener@6ba8ca26, org.springframework.boot.test.autoconfigure.webservices.client.MockWebServiceServerTestExecutionListener@7201706e, org.springframework.boot.test.mock.mockito.ResetMocksTestExecutionListener@5b4c5d87]
19:19:33.883 [Test worker] DEBUG org.springframework.test.context.support.AbstractDirtiesContextTestExecutionListener - Before test class: context [DefaultTestContext@5d1d741e testClass = QuerydslBasicTest, testInstance = [null], testMethod = [null], testException = [null], mergedContextConfiguration = [WebMergedContextConfiguration@279a012d testClass = QuerydslBasicTest, locations = '{}', classes = '{class study.querydsl.QuerydslApplication}', contextInitializerClasses = '[]', activeProfiles = '{}', propertySourceLocations = '{}', propertySourceProperties = '{org.springframework.boot.test.context.SpringBootTestContextBootstrapper=true}', contextCustomizers = set[org.springframework.boot.test.autoconfigure.actuate.metrics.MetricsExportContextCustomizerFactory$DisableMetricExportContextCustomizer@e70184, org.springframework.boot.test.autoconfigure.properties.PropertyMappingContextCustomizer@0, org.springframework.boot.test.autoconfigure.web.servlet.WebDriverContextCustomizerFactory$Customizer@d954bce, org.springframework.boot.test.context.filter.ExcludeFilterContextCustomizer@63fee86b, org.springframework.boot.test.json.DuplicateJsonObjectContextCustomizerFactory$DuplicateJsonObjectContextCustomizer@1f937f70, org.springframework.boot.test.mock.mockito.MockitoContextCustomizer@0, org.springframework.boot.test.web.client.TestRestTemplateContextCustomizer@239a8b94, org.springframework.boot.test.context.SpringBootTestArgs@1, org.springframework.boot.test.context.SpringBootTestWebEnvironment@6257b8b3], resourceBasePath = 'src/main/webapp', contextLoader = 'org.springframework.boot.test.context.SpringBootContextLoader', parent = [null]], attributes = map['org.springframework.test.context.web.ServletTestExecutionListener.activateListener' -> true]], class annotated with @DirtiesContext [false] with mode [null].
19:19:33.960 [Test worker] DEBUG org.springframework.test.context.support.TestPropertySourceUtils - Adding inlined properties to environment: {spring.jmx.enabled=false, org.springframework.boot.test.context.SpringBootTestContextBootstrapper=true}

  .   ____          _            __ _ _
 /\\ / ___'_ __ _ _(_)_ __  __ _ \ \ \ \
( ( )\___ | '_ | '_| | '_ \/ _` | \ \ \ \
 \\/  ___)| |_)| | | | | || (_| |  ) ) ) )
  '  |____| .__|_| |_|_| |_\__, | / / / /
 =========|_|==============|___/=/_/_/_/
 :: Spring Boot ::                (v2.4.8)

2021-07-21 19:19:34.384  INFO 1488 --- [    Test worker] study.querydsl.QuerydslBasicTest         : Starting QuerydslBasicTest using Java 15.0.3 on jeongjiwon-ui-Macmini.local with PID 1488 (started by jiwon in /Users/jiwon/dev-study/inflearn-querydsl)
2021-07-21 19:19:34.393  INFO 1488 --- [    Test worker] study.querydsl.QuerydslBasicTest         : No active profile set, falling back to default profiles: default
2021-07-21 19:19:35.451  INFO 1488 --- [    Test worker] .s.d.r.c.RepositoryConfigurationDelegate : Bootstrapping Spring Data JPA repositories in DEFAULT mode.
2021-07-21 19:19:35.477  INFO 1488 --- [    Test worker] .s.d.r.c.RepositoryConfigurationDelegate : Finished Spring Data repository scanning in 17 ms. Found 0 JPA repository interfaces.
2021-07-21 19:19:36.725  INFO 1488 --- [    Test worker] o.hibernate.jpa.internal.util.LogHelper  : HHH000204: Processing PersistenceUnitInfo [name: default]
2021-07-21 19:19:36.770  INFO 1488 --- [    Test worker] org.hibernate.Version                    : HHH000412: Hibernate ORM core version 5.4.32.Final
2021-07-21 19:19:36.893  INFO 1488 --- [    Test worker] o.hibernate.annotations.common.Version   : HCANN000001: Hibernate Commons Annotations {5.1.2.Final}
2021-07-21 19:19:36.953 DEBUG 1488 --- [    Test worker] org.hibernate.type.BasicTypeRegistry     : Adding type registration boolean -> org.hibernate.type.BooleanType@1bf86cdb
2021-07-21 19:19:36.958 DEBUG 1488 --- [    Test worker] org.hibernate.type.BasicTypeRegistry     : Adding type registration boolean -> org.hibernate.type.BooleanType@1bf86cdb
2021-07-21 19:19:36.959 DEBUG 1488 --- [    Test worker] org.hibernate.type.BasicTypeRegistry     : Adding type registration java.lang.Boolean -> org.hibernate.type.BooleanType@1bf86cdb
2021-07-21 19:19:36.960 DEBUG 1488 --- [    Test worker] org.hibernate.type.BasicTypeRegistry     : Adding type registration numeric_boolean -> org.hibernate.type.NumericBooleanType@2bceda4a
2021-07-21 19:19:36.961 DEBUG 1488 --- [    Test worker] org.hibernate.type.BasicTypeRegistry     : Adding type registration true_false -> org.hibernate.type.TrueFalseType@79d82f4a
2021-07-21 19:19:36.962 DEBUG 1488 --- [    Test worker] org.hibernate.type.BasicTypeRegistry     : Adding type registration yes_no -> org.hibernate.type.YesNoType@6854870a
2021-07-21 19:19:36.964 DEBUG 1488 --- [    Test worker] org.hibernate.type.BasicTypeRegistry     : Adding type registration byte -> org.hibernate.type.ByteType@46c98cca
2021-07-21 19:19:36.965 DEBUG 1488 --- [    Test worker] org.hibernate.type.BasicTypeRegistry     : Adding type registration byte -> org.hibernate.type.ByteType@46c98cca
2021-07-21 19:19:36.965 DEBUG 1488 --- [    Test worker] org.hibernate.type.BasicTypeRegistry     : Adding type registration java.lang.Byte -> org.hibernate.type.ByteType@46c98cca
2021-07-21 19:19:36.966 DEBUG 1488 --- [    Test worker] org.hibernate.type.BasicTypeRegistry     : Adding type registration character -> org.hibernate.type.CharacterType@1b57eaaf
2021-07-21 19:19:36.967 DEBUG 1488 --- [    Test worker] org.hibernate.type.BasicTypeRegistry     : Adding type registration char -> org.hibernate.type.CharacterType@1b57eaaf
2021-07-21 19:19:36.968 DEBUG 1488 --- [    Test worker] org.hibernate.type.BasicTypeRegistry     : Adding type registration java.lang.Character -> org.hibernate.type.CharacterType@1b57eaaf
2021-07-21 19:19:36.969 DEBUG 1488 --- [    Test worker] org.hibernate.type.BasicTypeRegistry     : Adding type registration short -> org.hibernate.type.ShortType@3b029359
2021-07-21 19:19:36.972 DEBUG 1488 --- [    Test worker] org.hibernate.type.BasicTypeRegistry     : Adding type registration short -> org.hibernate.type.ShortType@3b029359
2021-07-21 19:19:36.973 DEBUG 1488 --- [    Test worker] org.hibernate.type.BasicTypeRegistry     : Adding type registration java.lang.Short -> org.hibernate.type.ShortType@3b029359
2021-07-21 19:19:36.974 DEBUG 1488 --- [    Test worker] org.hibernate.type.BasicTypeRegistry     : Adding type registration integer -> org.hibernate.type.IntegerType@ac310a8
2021-07-21 19:19:36.975 DEBUG 1488 --- [    Test worker] org.hibernate.type.BasicTypeRegistry     : Adding type registration int -> org.hibernate.type.IntegerType@ac310a8
2021-07-21 19:19:36.976 DEBUG 1488 --- [    Test worker] org.hibernate.type.BasicTypeRegistry     : Adding type registration java.lang.Integer -> org.hibernate.type.IntegerType@ac310a8
2021-07-21 19:19:36.978 DEBUG 1488 --- [    Test worker] org.hibernate.type.BasicTypeRegistry     : Adding type registration long -> org.hibernate.type.LongType@62f81b6e
2021-07-21 19:19:36.979 DEBUG 1488 --- [    Test worker] org.hibernate.type.BasicTypeRegistry     : Adding type registration long -> org.hibernate.type.LongType@62f81b6e
2021-07-21 19:19:36.979 DEBUG 1488 --- [    Test worker] org.hibernate.type.BasicTypeRegistry     : Adding type registration java.lang.Long -> org.hibernate.type.LongType@62f81b6e
2021-07-21 19:19:36.981 DEBUG 1488 --- [    Test worker] org.hibernate.type.BasicTypeRegistry     : Adding type registration float -> org.hibernate.type.FloatType@2175a6b0
2021-07-21 19:19:36.981 DEBUG 1488 --- [    Test worker] org.hibernate.type.BasicTypeRegistry     : Adding type registration float -> org.hibernate.type.FloatType@2175a6b0
2021-07-21 19:19:36.982 DEBUG 1488 --- [    Test worker] org.hibernate.type.BasicTypeRegistry     : Adding type registration java.lang.Float -> org.hibernate.type.FloatType@2175a6b0
2021-07-21 19:19:36.983 DEBUG 1488 --- [    Test worker] org.hibernate.type.BasicTypeRegistry     : Adding type registration double -> org.hibernate.type.DoubleType@4f851024
2021-07-21 19:19:36.984 DEBUG 1488 --- [    Test worker] org.hibernate.type.BasicTypeRegistry     : Adding type registration double -> org.hibernate.type.DoubleType@4f851024
2021-07-21 19:19:36.985 DEBUG 1488 --- [    Test worker] org.hibernate.type.BasicTypeRegistry     : Adding type registration java.lang.Double -> org.hibernate.type.DoubleType@4f851024
2021-07-21 19:19:36.989 DEBUG 1488 --- [    Test worker] org.hibernate.type.BasicTypeRegistry     : Adding type registration big_decimal -> org.hibernate.type.BigDecimalType@153fb8ee
2021-07-21 19:19:36.990 DEBUG 1488 --- [    Test worker] org.hibernate.type.BasicTypeRegistry     : Adding type registration java.math.BigDecimal -> org.hibernate.type.BigDecimalType@153fb8ee
2021-07-21 19:19:36.995 DEBUG 1488 --- [    Test worker] org.hibernate.type.BasicTypeRegistry     : Adding type registration big_integer -> org.hibernate.type.BigIntegerType@14a228c2
2021-07-21 19:19:36.996 DEBUG 1488 --- [    Test worker] org.hibernate.type.BasicTypeRegistry     : Adding type registration java.math.BigInteger -> org.hibernate.type.BigIntegerType@14a228c2
2021-07-21 19:19:36.999 DEBUG 1488 --- [    Test worker] org.hibernate.type.BasicTypeRegistry     : Adding type registration string -> org.hibernate.type.StringType@6e7276d0
2021-07-21 19:19:37.000 DEBUG 1488 --- [    Test worker] org.hibernate.type.BasicTypeRegistry     : Adding type registration java.lang.String -> org.hibernate.type.StringType@6e7276d0
2021-07-21 19:19:37.002 DEBUG 1488 --- [    Test worker] org.hibernate.type.BasicTypeRegistry     : Adding type registration nstring -> org.hibernate.type.StringNVarcharType@1ccd789
2021-07-21 19:19:37.003 DEBUG 1488 --- [    Test worker] org.hibernate.type.BasicTypeRegistry     : Adding type registration ncharacter -> org.hibernate.type.CharacterNCharType@54e6fddf
2021-07-21 19:19:37.004 DEBUG 1488 --- [    Test worker] org.hibernate.type.BasicTypeRegistry     : Adding type registration url -> org.hibernate.type.UrlType@4d98afea
2021-07-21 19:19:37.004 DEBUG 1488 --- [    Test worker] org.hibernate.type.BasicTypeRegistry     : Adding type registration java.net.URL -> org.hibernate.type.UrlType@4d98afea
2021-07-21 19:19:37.006 DEBUG 1488 --- [    Test worker] org.hibernate.type.BasicTypeRegistry     : Adding type registration Duration -> org.hibernate.type.DurationType@66f1f3e9
2021-07-21 19:19:37.007 DEBUG 1488 --- [    Test worker] org.hibernate.type.BasicTypeRegistry     : Adding type registration java.time.Duration -> org.hibernate.type.DurationType@66f1f3e9
2021-07-21 19:19:37.010 DEBUG 1488 --- [    Test worker] org.hibernate.type.BasicTypeRegistry     : Adding type registration Instant -> org.hibernate.type.InstantType@3fc6d5f
2021-07-21 19:19:37.010 DEBUG 1488 --- [    Test worker] org.hibernate.type.BasicTypeRegistry     : Adding type registration java.time.Instant -> org.hibernate.type.InstantType@3fc6d5f
2021-07-21 19:19:37.011 DEBUG 1488 --- [    Test worker] org.hibernate.type.BasicTypeRegistry     : Adding type registration LocalDateTime -> org.hibernate.type.LocalDateTimeType@45642f34
2021-07-21 19:19:37.012 DEBUG 1488 --- [    Test worker] org.hibernate.type.BasicTypeRegistry     : Adding type registration java.time.LocalDateTime -> org.hibernate.type.LocalDateTimeType@45642f34
2021-07-21 19:19:37.013 DEBUG 1488 --- [    Test worker] org.hibernate.type.BasicTypeRegistry     : Adding type registration LocalDate -> org.hibernate.type.LocalDateType@75afffb0
2021-07-21 19:19:37.014 DEBUG 1488 --- [    Test worker] org.hibernate.type.BasicTypeRegistry     : Adding type registration java.time.LocalDate -> org.hibernate.type.LocalDateType@75afffb0
2021-07-21 19:19:37.018 DEBUG 1488 --- [    Test worker] org.hibernate.type.BasicTypeRegistry     : Adding type registration LocalTime -> org.hibernate.type.LocalTimeType@656256c7
2021-07-21 19:19:37.019 DEBUG 1488 --- [    Test worker] org.hibernate.type.BasicTypeRegistry     : Adding type registration java.time.LocalTime -> org.hibernate.type.LocalTimeType@656256c7
2021-07-21 19:19:37.021 DEBUG 1488 --- [    Test worker] org.hibernate.type.BasicTypeRegistry     : Adding type registration OffsetDateTime -> org.hibernate.type.OffsetDateTimeType@49255224
2021-07-21 19:19:37.022 DEBUG 1488 --- [    Test worker] org.hibernate.type.BasicTypeRegistry     : Adding type registration java.time.OffsetDateTime -> org.hibernate.type.OffsetDateTimeType@49255224
2021-07-21 19:19:37.026 DEBUG 1488 --- [    Test worker] org.hibernate.type.BasicTypeRegistry     : Adding type registration OffsetTime -> org.hibernate.type.OffsetTimeType@786f65e0
2021-07-21 19:19:37.027 DEBUG 1488 --- [    Test worker] org.hibernate.type.BasicTypeRegistry     : Adding type registration java.time.OffsetTime -> org.hibernate.type.OffsetTimeType@786f65e0
2021-07-21 19:19:37.028 DEBUG 1488 --- [    Test worker] org.hibernate.type.BasicTypeRegistry     : Adding type registration ZonedDateTime -> org.hibernate.type.ZonedDateTimeType@51868938
2021-07-21 19:19:37.029 DEBUG 1488 --- [    Test worker] org.hibernate.type.BasicTypeRegistry     : Adding type registration java.time.ZonedDateTime -> org.hibernate.type.ZonedDateTimeType@51868938
2021-07-21 19:19:37.030 DEBUG 1488 --- [    Test worker] org.hibernate.type.BasicTypeRegistry     : Adding type registration date -> org.hibernate.type.DateType@65d84f58
2021-07-21 19:19:37.031 DEBUG 1488 --- [    Test worker] org.hibernate.type.BasicTypeRegistry     : Adding type registration java.sql.Date -> org.hibernate.type.DateType@65d84f58
2021-07-21 19:19:37.032 DEBUG 1488 --- [    Test worker] org.hibernate.type.BasicTypeRegistry     : Adding type registration time -> org.hibernate.type.TimeType@8ce32d5
2021-07-21 19:19:37.032 DEBUG 1488 --- [    Test worker] org.hibernate.type.BasicTypeRegistry     : Adding type registration java.sql.Time -> org.hibernate.type.TimeType@8ce32d5
2021-07-21 19:19:37.033 DEBUG 1488 --- [    Test worker] org.hibernate.type.BasicTypeRegistry     : Adding type registration timestamp -> org.hibernate.type.TimestampType@59a9a436
2021-07-21 19:19:37.034 DEBUG 1488 --- [    Test worker] org.hibernate.type.BasicTypeRegistry     : Adding type registration java.sql.Timestamp -> org.hibernate.type.TimestampType@59a9a436
2021-07-21 19:19:37.035 DEBUG 1488 --- [    Test worker] org.hibernate.type.BasicTypeRegistry     : Adding type registration java.util.Date -> org.hibernate.type.TimestampType@59a9a436
2021-07-21 19:19:37.040 DEBUG 1488 --- [    Test worker] org.hibernate.type.BasicTypeRegistry     : Adding type registration dbtimestamp -> org.hibernate.type.DbTimestampType@5fd3f00d
2021-07-21 19:19:37.041 DEBUG 1488 --- [    Test worker] org.hibernate.type.BasicTypeRegistry     : Adding type registration calendar -> org.hibernate.type.CalendarType@8d250d
2021-07-21 19:19:37.042 DEBUG 1488 --- [    Test worker] org.hibernate.type.BasicTypeRegistry     : Adding type registration java.util.Calendar -> org.hibernate.type.CalendarType@8d250d
2021-07-21 19:19:37.042 DEBUG 1488 --- [    Test worker] org.hibernate.type.BasicTypeRegistry     : Adding type registration java.util.GregorianCalendar -> org.hibernate.type.CalendarType@8d250d
2021-07-21 19:19:37.043 DEBUG 1488 --- [    Test worker] org.hibernate.type.BasicTypeRegistry     : Adding type registration calendar_date -> org.hibernate.type.CalendarDateType@41967312
2021-07-21 19:19:37.044 DEBUG 1488 --- [    Test worker] org.hibernate.type.BasicTypeRegistry     : Adding type registration calendar_time -> org.hibernate.type.CalendarTimeType@55add8ce
2021-07-21 19:19:37.045 DEBUG 1488 --- [    Test worker] org.hibernate.type.BasicTypeRegistry     : Adding type registration locale -> org.hibernate.type.LocaleType@46902570
2021-07-21 19:19:37.046 DEBUG 1488 --- [    Test worker] org.hibernate.type.BasicTypeRegistry     : Adding type registration java.util.Locale -> org.hibernate.type.LocaleType@46902570
2021-07-21 19:19:37.047 DEBUG 1488 --- [    Test worker] org.hibernate.type.BasicTypeRegistry     : Adding type registration currency -> org.hibernate.type.CurrencyType@64c3020b
2021-07-21 19:19:37.048 DEBUG 1488 --- [    Test worker] org.hibernate.type.BasicTypeRegistry     : Adding type registration java.util.Currency -> org.hibernate.type.CurrencyType@64c3020b
2021-07-21 19:19:37.049 DEBUG 1488 --- [    Test worker] org.hibernate.type.BasicTypeRegistry     : Adding type registration timezone -> org.hibernate.type.TimeZoneType@52f5b600
2021-07-21 19:19:37.054 DEBUG 1488 --- [    Test worker] org.hibernate.type.BasicTypeRegistry     : Adding type registration java.util.TimeZone -> org.hibernate.type.TimeZoneType@52f5b600
2021-07-21 19:19:37.056 DEBUG 1488 --- [    Test worker] org.hibernate.type.BasicTypeRegistry     : Adding type registration class -> org.hibernate.type.ClassType@75739cd5
2021-07-21 19:19:37.056 DEBUG 1488 --- [    Test worker] org.hibernate.type.BasicTypeRegistry     : Adding type registration java.lang.Class -> org.hibernate.type.ClassType@75739cd5
2021-07-21 19:19:37.058 DEBUG 1488 --- [    Test worker] org.hibernate.type.BasicTypeRegistry     : Adding type registration uuid-binary -> org.hibernate.type.UUIDBinaryType@409be74b
2021-07-21 19:19:37.060 DEBUG 1488 --- [    Test worker] org.hibernate.type.BasicTypeRegistry     : Adding type registration java.util.UUID -> org.hibernate.type.UUIDBinaryType@409be74b
2021-07-21 19:19:37.063 DEBUG 1488 --- [    Test worker] org.hibernate.type.BasicTypeRegistry     : Adding type registration uuid-char -> org.hibernate.type.UUIDCharType@6f703b5
2021-07-21 19:19:37.064 DEBUG 1488 --- [    Test worker] org.hibernate.type.BasicTypeRegistry     : Adding type registration binary -> org.hibernate.type.BinaryType@35ea4b92
2021-07-21 19:19:37.064 DEBUG 1488 --- [    Test worker] org.hibernate.type.BasicTypeRegistry     : Adding type registration byte[] -> org.hibernate.type.BinaryType@35ea4b92
2021-07-21 19:19:37.065 DEBUG 1488 --- [    Test worker] org.hibernate.type.BasicTypeRegistry     : Adding type registration [B -> org.hibernate.type.BinaryType@35ea4b92
2021-07-21 19:19:37.067 DEBUG 1488 --- [    Test worker] org.hibernate.type.BasicTypeRegistry     : Adding type registration wrapper-binary -> org.hibernate.type.WrapperBinaryType@5c28b99f
2021-07-21 19:19:37.068 DEBUG 1488 --- [    Test worker] org.hibernate.type.BasicTypeRegistry     : Adding type registration Byte[] -> org.hibernate.type.WrapperBinaryType@5c28b99f
2021-07-21 19:19:37.070 DEBUG 1488 --- [    Test worker] org.hibernate.type.BasicTypeRegistry     : Adding type registration [Ljava.lang.Byte; -> org.hibernate.type.WrapperBinaryType@5c28b99f
2021-07-21 19:19:37.071 DEBUG 1488 --- [    Test worker] org.hibernate.type.BasicTypeRegistry     : Adding type registration row_version -> org.hibernate.type.RowVersionType@262e121f
2021-07-21 19:19:37.072 DEBUG 1488 --- [    Test worker] org.hibernate.type.BasicTypeRegistry     : Adding type registration image -> org.hibernate.type.ImageType@3cfc2ec
2021-07-21 19:19:37.073 DEBUG 1488 --- [    Test worker] org.hibernate.type.BasicTypeRegistry     : Adding type registration characters -> org.hibernate.type.CharArrayType@92c4843
2021-07-21 19:19:37.074 DEBUG 1488 --- [    Test worker] org.hibernate.type.BasicTypeRegistry     : Adding type registration char[] -> org.hibernate.type.CharArrayType@92c4843
2021-07-21 19:19:37.074 DEBUG 1488 --- [    Test worker] org.hibernate.type.BasicTypeRegistry     : Adding type registration [C -> org.hibernate.type.CharArrayType@92c4843
2021-07-21 19:19:37.076 DEBUG 1488 --- [    Test worker] org.hibernate.type.BasicTypeRegistry     : Adding type registration wrapper-characters -> org.hibernate.type.CharacterArrayType@729669a2
2021-07-21 19:19:37.076 DEBUG 1488 --- [    Test worker] org.hibernate.type.BasicTypeRegistry     : Adding type registration [Ljava.lang.Character; -> org.hibernate.type.CharacterArrayType@729669a2
2021-07-21 19:19:37.078 DEBUG 1488 --- [    Test worker] org.hibernate.type.BasicTypeRegistry     : Adding type registration Character[] -> org.hibernate.type.CharacterArrayType@729669a2
2021-07-21 19:19:37.079 DEBUG 1488 --- [    Test worker] org.hibernate.type.BasicTypeRegistry     : Adding type registration text -> org.hibernate.type.TextType@41e0ab4b
2021-07-21 19:19:37.080 DEBUG 1488 --- [    Test worker] org.hibernate.type.BasicTypeRegistry     : Adding type registration ntext -> org.hibernate.type.NTextType@31995f5
2021-07-21 19:19:37.083 DEBUG 1488 --- [    Test worker] org.hibernate.type.BasicTypeRegistry     : Adding type registration blob -> org.hibernate.type.BlobType@7cedde83
2021-07-21 19:19:37.084 DEBUG 1488 --- [    Test worker] org.hibernate.type.BasicTypeRegistry     : Adding type registration java.sql.Blob -> org.hibernate.type.BlobType@7cedde83
2021-07-21 19:19:37.085 DEBUG 1488 --- [    Test worker] org.hibernate.type.BasicTypeRegistry     : Adding type registration materialized_blob -> org.hibernate.type.MaterializedBlobType@7238d56
2021-07-21 19:19:37.086 DEBUG 1488 --- [    Test worker] org.hibernate.type.BasicTypeRegistry     : Adding type registration clob -> org.hibernate.type.ClobType@6324fc08
2021-07-21 19:19:37.087 DEBUG 1488 --- [    Test worker] org.hibernate.type.BasicTypeRegistry     : Adding type registration java.sql.Clob -> org.hibernate.type.ClobType@6324fc08
2021-07-21 19:19:37.088 DEBUG 1488 --- [    Test worker] org.hibernate.type.BasicTypeRegistry     : Adding type registration nclob -> org.hibernate.type.NClobType@648325e9
2021-07-21 19:19:37.089 DEBUG 1488 --- [    Test worker] org.hibernate.type.BasicTypeRegistry     : Adding type registration java.sql.NClob -> org.hibernate.type.NClobType@648325e9
2021-07-21 19:19:37.090 DEBUG 1488 --- [    Test worker] org.hibernate.type.BasicTypeRegistry     : Adding type registration materialized_clob -> org.hibernate.type.MaterializedClobType@13368b01
2021-07-21 19:19:37.091 DEBUG 1488 --- [    Test worker] org.hibernate.type.BasicTypeRegistry     : Adding type registration materialized_nclob -> org.hibernate.type.MaterializedNClobType@7c23b8e3
2021-07-21 19:19:37.094 DEBUG 1488 --- [    Test worker] org.hibernate.type.BasicTypeRegistry     : Adding type registration serializable -> org.hibernate.type.SerializableType@35b7c7bb
2021-07-21 19:19:37.096 DEBUG 1488 --- [    Test worker] org.hibernate.type.BasicTypeRegistry     : Adding type registration object -> org.hibernate.type.ObjectType@7b7fbc6d
2021-07-21 19:19:37.097 DEBUG 1488 --- [    Test worker] org.hibernate.type.BasicTypeRegistry     : Adding type registration java.lang.Object -> org.hibernate.type.ObjectType@7b7fbc6d
2021-07-21 19:19:37.098 DEBUG 1488 --- [    Test worker] org.hibernate.type.BasicTypeRegistry     : Adding type registration imm_date -> org.hibernate.type.AdaptedImmutableType@2ef6d0a9
2021-07-21 19:19:37.098 DEBUG 1488 --- [    Test worker] org.hibernate.type.BasicTypeRegistry     : Adding type registration imm_time -> org.hibernate.type.AdaptedImmutableType@771bf46
2021-07-21 19:19:37.099 DEBUG 1488 --- [    Test worker] org.hibernate.type.BasicTypeRegistry     : Adding type registration imm_timestamp -> org.hibernate.type.AdaptedImmutableType@623445e8
2021-07-21 19:19:37.099 DEBUG 1488 --- [    Test worker] org.hibernate.type.BasicTypeRegistry     : Adding type registration imm_dbtimestamp -> org.hibernate.type.AdaptedImmutableType@2efc38d6
2021-07-21 19:19:37.100 DEBUG 1488 --- [    Test worker] org.hibernate.type.BasicTypeRegistry     : Adding type registration imm_calendar -> org.hibernate.type.AdaptedImmutableType@3697d638
2021-07-21 19:19:37.100 DEBUG 1488 --- [    Test worker] org.hibernate.type.BasicTypeRegistry     : Adding type registration imm_calendar_date -> org.hibernate.type.AdaptedImmutableType@3c96d423
2021-07-21 19:19:37.101 DEBUG 1488 --- [    Test worker] org.hibernate.type.BasicTypeRegistry     : Adding type registration imm_binary -> org.hibernate.type.AdaptedImmutableType@7ccddd5c
2021-07-21 19:19:37.103 DEBUG 1488 --- [    Test worker] org.hibernate.type.BasicTypeRegistry     : Adding type registration imm_serializable -> org.hibernate.type.AdaptedImmutableType@3338709b
2021-07-21 19:19:37.179  INFO 1488 --- [    Test worker] com.zaxxer.hikari.HikariDataSource       : HikariPool-1 - Starting...
2021-07-21 19:19:37.259  INFO 1488 --- [    Test worker] com.zaxxer.hikari.HikariDataSource       : HikariPool-1 - Start completed.
2021-07-21 19:19:37.289  INFO 1488 --- [    Test worker] org.hibernate.dialect.Dialect            : HHH000400: Using dialect: org.hibernate.dialect.H2Dialect
2021-07-21 19:19:37.377 DEBUG 1488 --- [    Test worker] o.h.type.spi.TypeConfiguration$Scope     : Scoping TypeConfiguration [org.hibernate.type.spi.TypeConfiguration@a6c1161] to MetadataBuildingContext [org.hibernate.boot.internal.MetadataBuildingContextRootImpl@6ebf1197]
2021-07-21 19:19:37.595 DEBUG 1488 --- [    Test worker] o.h.type.spi.TypeConfiguration$Scope     : Scoping TypeConfiguration [org.hibernate.type.spi.TypeConfiguration@a6c1161] to SessionFactoryImpl [org.hibernate.internal.SessionFactoryImpl@57486087]
2021-07-21 19:19:37.928 DEBUG 1488 --- [    Test worker] org.hibernate.SQL                        : 
    
    drop table if exists hello CASCADE 
2021-07-21 19:19:37.938  INFO 1488 --- [    Test worker] p6spy                                    : #1626862777938 | took 3ms | statement | connection 1| url jdbc:h2:tcp://localhost/~/querydsl

    drop table if exists hello CASCADE 

    drop table if exists hello CASCADE ;
2021-07-21 19:19:37.938 DEBUG 1488 --- [    Test worker] org.hibernate.SQL                        : 
    
    drop table if exists member CASCADE 
2021-07-21 19:19:37.942  INFO 1488 --- [    Test worker] p6spy                                    : #1626862777942 | took 3ms | statement | connection 1| url jdbc:h2:tcp://localhost/~/querydsl

    drop table if exists member CASCADE 

    drop table if exists member CASCADE ;
2021-07-21 19:19:37.942 DEBUG 1488 --- [    Test worker] org.hibernate.SQL                        : 
    
    drop table if exists team CASCADE 
2021-07-21 19:19:37.945  INFO 1488 --- [    Test worker] p6spy                                    : #1626862777945 | took 2ms | statement | connection 1| url jdbc:h2:tcp://localhost/~/querydsl

    drop table if exists team CASCADE 

    drop table if exists team CASCADE ;
2021-07-21 19:19:37.945 DEBUG 1488 --- [    Test worker] org.hibernate.SQL                        : 
    
    drop sequence if exists hibernate_sequence
2021-07-21 19:19:37.948  INFO 1488 --- [    Test worker] p6spy                                    : #1626862777948 | took 3ms | statement | connection 1| url jdbc:h2:tcp://localhost/~/querydsl

    drop sequence if exists hibernate_sequence

    drop sequence if exists hibernate_sequence;
2021-07-21 19:19:37.950 DEBUG 1488 --- [    Test worker] org.hibernate.SQL                        : create sequence hibernate_sequence start with 1 increment by 1
2021-07-21 19:19:37.952  INFO 1488 --- [    Test worker] p6spy                                    : #1626862777952 | took 1ms | statement | connection 2| url jdbc:h2:tcp://localhost/~/querydsl
create sequence hibernate_sequence start with 1 increment by 1
create sequence hibernate_sequence start with 1 increment by 1;
2021-07-21 19:19:37.952 DEBUG 1488 --- [    Test worker] org.hibernate.SQL                        : 
    
    create table hello (
       id bigint not null,
        primary key (id)
    )
2021-07-21 19:19:37.955  INFO 1488 --- [    Test worker] p6spy                                    : #1626862777955 | took 2ms | statement | connection 2| url jdbc:h2:tcp://localhost/~/querydsl

    create table hello (
       id bigint not null,
        primary key (id)
    )

    create table hello (
       id bigint not null,
        primary key (id)
    );
2021-07-21 19:19:37.955 DEBUG 1488 --- [    Test worker] org.hibernate.SQL                        : 
    
    create table member (
       member_id bigint not null,
        age integer not null,
        username varchar(255),
        team_id bigint,
        primary key (member_id)
    )
2021-07-21 19:19:37.957  INFO 1488 --- [    Test worker] p6spy                                    : #1626862777956 | took 1ms | statement | connection 2| url jdbc:h2:tcp://localhost/~/querydsl

    create table member (
       member_id bigint not null,
        age integer not null,
        username varchar(255),
        team_id bigint,
        primary key (member_id)
    )

    create table member (
       member_id bigint not null,
        age integer not null,
        username varchar(255),
        team_id bigint,
        primary key (member_id)
    );
2021-07-21 19:19:37.957 DEBUG 1488 --- [    Test worker] org.hibernate.SQL                        : 
    
    create table team (
       id bigint not null,
        name varchar(255),
        primary key (id)
    )
2021-07-21 19:19:37.959  INFO 1488 --- [    Test worker] p6spy                                    : #1626862777959 | took 1ms | statement | connection 2| url jdbc:h2:tcp://localhost/~/querydsl

    create table team (
       id bigint not null,
        name varchar(255),
        primary key (id)
    )

    create table team (
       id bigint not null,
        name varchar(255),
        primary key (id)
    );
2021-07-21 19:19:37.960 DEBUG 1488 --- [    Test worker] org.hibernate.SQL                        : 
    
    alter table member 
       add constraint FKcjte2jn9pvo9ud2hyfgwcja0k 
       foreign key (team_id) 
       references team
2021-07-21 19:19:37.965  INFO 1488 --- [    Test worker] p6spy                                    : #1626862777965 | took 3ms | statement | connection 2| url jdbc:h2:tcp://localhost/~/querydsl

    alter table member 
       add constraint FKcjte2jn9pvo9ud2hyfgwcja0k 
       foreign key (team_id) 
       references team

    alter table member 
       add constraint FKcjte2jn9pvo9ud2hyfgwcja0k 
       foreign key (team_id) 
       references team;
2021-07-21 19:19:37.972  INFO 1488 --- [    Test worker] o.h.e.t.j.p.i.JtaPlatformInitiator       : HHH000490: Using JtaPlatform implementation: [org.hibernate.engine.transaction.jta.platform.internal.NoJtaPlatform]
2021-07-21 19:19:37.981 TRACE 1488 --- [    Test worker] o.h.type.spi.TypeConfiguration$Scope     : Handling #sessionFactoryCreated from [org.hibernate.internal.SessionFactoryImpl@57486087] for TypeConfiguration
2021-07-21 19:19:37.985  INFO 1488 --- [    Test worker] j.LocalContainerEntityManagerFactoryBean : Initialized JPA EntityManagerFactory for persistence unit 'default'
2021-07-21 19:19:38.379  WARN 1488 --- [    Test worker] JpaBaseConfiguration$JpaWebConfiguration : spring.jpa.open-in-view is enabled by default. Therefore, database queries may be performed during view rendering. Explicitly configure spring.jpa.open-in-view to disable this warning
2021-07-21 19:19:39.376  INFO 1488 --- [    Test worker] study.querydsl.QuerydslBasicTest         : Started QuerydslBasicTest in 5.407 seconds (JVM running for 7.05)
2021-07-21 19:19:39.626  INFO 1488 --- [    Test worker] o.s.t.c.transaction.TransactionContext   : Began transaction (1) for test context [DefaultTestContext@5d1d741e testClass = QuerydslBasicTest, testInstance = study.querydsl.QuerydslBasicTest@7db3c79, testMethod = findUserDto@QuerydslBasicTest, testException = [null], mergedContextConfiguration = [WebMergedContextConfiguration@279a012d testClass = QuerydslBasicTest, locations = '{}', classes = '{class study.querydsl.QuerydslApplication}', contextInitializerClasses = '[]', activeProfiles = '{}', propertySourceLocations = '{}', propertySourceProperties = '{org.springframework.boot.test.context.SpringBootTestContextBootstrapper=true}', contextCustomizers = set[org.springframework.boot.test.autoconfigure.actuate.metrics.MetricsExportContextCustomizerFactory$DisableMetricExportContextCustomizer@e70184, org.springframework.boot.test.autoconfigure.properties.PropertyMappingContextCustomizer@0, org.springframework.boot.test.autoconfigure.web.servlet.WebDriverContextCustomizerFactory$Customizer@d954bce, org.springframework.boot.test.context.filter.ExcludeFilterContextCustomizer@63fee86b, org.springframework.boot.test.json.DuplicateJsonObjectContextCustomizerFactory$DuplicateJsonObjectContextCustomizer@1f937f70, org.springframework.boot.test.mock.mockito.MockitoContextCustomizer@0, org.springframework.boot.test.web.client.TestRestTemplateContextCustomizer@239a8b94, org.springframework.boot.test.context.SpringBootTestArgs@1, org.springframework.boot.test.context.SpringBootTestWebEnvironment@6257b8b3], resourceBasePath = 'src/main/webapp', contextLoader = 'org.springframework.boot.test.context.SpringBootContextLoader', parent = [null]], attributes = map['org.springframework.test.context.web.ServletTestExecutionListener.activateListener' -> true, 'org.springframework.test.context.web.ServletTestExecutionListener.populatedRequestContextHolder' -> true, 'org.springframework.test.context.web.ServletTestExecutionListener.resetRequestContextHolder' -> true, 'org.springframework.test.context.event.ApplicationEventsTestExecutionListener.recordApplicationEvents' -> false]]; transaction manager [org.springframework.orm.jpa.JpaTransactionManager@60582cb2]; rollback [false]
2021-07-21 19:19:39.938 DEBUG 1488 --- [    Test worker] org.hibernate.SQL                        : 
    call next value for hibernate_sequence
2021-07-21 19:19:39.959  INFO 1488 --- [    Test worker] p6spy                                    : #1626862779959 | took 11ms | statement | connection 3| url jdbc:h2:tcp://localhost/~/querydsl
call next value for hibernate_sequence
call next value for hibernate_sequence;
2021-07-21 19:19:39.987 DEBUG 1488 --- [    Test worker] org.hibernate.SQL                        : 
    call next value for hibernate_sequence
2021-07-21 19:19:39.988  INFO 1488 --- [    Test worker] p6spy                                    : #1626862779988 | took 0ms | statement | connection 3| url jdbc:h2:tcp://localhost/~/querydsl
call next value for hibernate_sequence
call next value for hibernate_sequence;
2021-07-21 19:19:39.989 DEBUG 1488 --- [    Test worker] org.hibernate.SQL                        : 
    call next value for hibernate_sequence
2021-07-21 19:19:39.990  INFO 1488 --- [    Test worker] p6spy                                    : #1626862779990 | took 0ms | statement | connection 3| url jdbc:h2:tcp://localhost/~/querydsl
call next value for hibernate_sequence
call next value for hibernate_sequence;
2021-07-21 19:19:39.992 DEBUG 1488 --- [    Test worker] org.hibernate.SQL                        : 
    call next value for hibernate_sequence
2021-07-21 19:19:39.993  INFO 1488 --- [    Test worker] p6spy                                    : #1626862779993 | took 0ms | statement | connection 3| url jdbc:h2:tcp://localhost/~/querydsl
call next value for hibernate_sequence
call next value for hibernate_sequence;
2021-07-21 19:19:39.993 DEBUG 1488 --- [    Test worker] org.hibernate.SQL                        : 
    call next value for hibernate_sequence
2021-07-21 19:19:39.994  INFO 1488 --- [    Test worker] p6spy                                    : #1626862779993 | took 0ms | statement | connection 3| url jdbc:h2:tcp://localhost/~/querydsl
call next value for hibernate_sequence
call next value for hibernate_sequence;
2021-07-21 19:19:39.994 DEBUG 1488 --- [    Test worker] org.hibernate.SQL                        : 
    call next value for hibernate_sequence
2021-07-21 19:19:39.994  INFO 1488 --- [    Test worker] p6spy                                    : #1626862779994 | took 0ms | statement | connection 3| url jdbc:h2:tcp://localhost/~/querydsl
call next value for hibernate_sequence
call next value for hibernate_sequence;
2021-07-21 19:19:40.004 DEBUG 1488 --- [    Test worker] org.hibernate.SQL                        : 
    insert 
    into
        team
        (name, id) 
    values
        (?, ?)
2021-07-21 19:19:40.013 TRACE 1488 --- [    Test worker] o.h.type.descriptor.sql.BasicBinder      : binding parameter [1] as [VARCHAR] - [teamA]
2021-07-21 19:19:40.015 TRACE 1488 --- [    Test worker] o.h.type.descriptor.sql.BasicBinder      : binding parameter [2] as [BIGINT] - [1]
2021-07-21 19:19:40.017  INFO 1488 --- [    Test worker] p6spy                                    : #1626862780017 | took 1ms | statement | connection 3| url jdbc:h2:tcp://localhost/~/querydsl
insert into team (name, id) values (?, ?)
insert into team (name, id) values ('teamA', 1);
2021-07-21 19:19:40.019 DEBUG 1488 --- [    Test worker] org.hibernate.SQL                        : 
    insert 
    into
        team
        (name, id) 
    values
        (?, ?)
2021-07-21 19:19:40.020 TRACE 1488 --- [    Test worker] o.h.type.descriptor.sql.BasicBinder      : binding parameter [1] as [VARCHAR] - [teamB]
2021-07-21 19:19:40.021 TRACE 1488 --- [    Test worker] o.h.type.descriptor.sql.BasicBinder      : binding parameter [2] as [BIGINT] - [2]
2021-07-21 19:19:40.021  INFO 1488 --- [    Test worker] p6spy                                    : #1626862780021 | took 0ms | statement | connection 3| url jdbc:h2:tcp://localhost/~/querydsl
insert into team (name, id) values (?, ?)
insert into team (name, id) values ('teamB', 2);
2021-07-21 19:19:40.021 DEBUG 1488 --- [    Test worker] org.hibernate.SQL                        : 
    insert 
    into
        member
        (age, team_id, username, member_id) 
    values
        (?, ?, ?, ?)
2021-07-21 19:19:40.024 TRACE 1488 --- [    Test worker] o.h.type.descriptor.sql.BasicBinder      : binding parameter [1] as [INTEGER] - [10]
2021-07-21 19:19:40.025 TRACE 1488 --- [    Test worker] o.h.type.descriptor.sql.BasicBinder      : binding parameter [2] as [BIGINT] - [1]
2021-07-21 19:19:40.025 TRACE 1488 --- [    Test worker] o.h.type.descriptor.sql.BasicBinder      : binding parameter [3] as [VARCHAR] - [member1]
2021-07-21 19:19:40.026 TRACE 1488 --- [    Test worker] o.h.type.descriptor.sql.BasicBinder      : binding parameter [4] as [BIGINT] - [3]
2021-07-21 19:19:40.027  INFO 1488 --- [    Test worker] p6spy                                    : #1626862780027 | took 0ms | statement | connection 3| url jdbc:h2:tcp://localhost/~/querydsl
insert into member (age, team_id, username, member_id) values (?, ?, ?, ?)
insert into member (age, team_id, username, member_id) values (10, 1, 'member1', 3);
2021-07-21 19:19:40.027 DEBUG 1488 --- [    Test worker] org.hibernate.SQL                        : 
    insert 
    into
        member
        (age, team_id, username, member_id) 
    values
        (?, ?, ?, ?)
2021-07-21 19:19:40.029 TRACE 1488 --- [    Test worker] o.h.type.descriptor.sql.BasicBinder      : binding parameter [1] as [INTEGER] - [20]
2021-07-21 19:19:40.031 TRACE 1488 --- [    Test worker] o.h.type.descriptor.sql.BasicBinder      : binding parameter [2] as [BIGINT] - [1]
2021-07-21 19:19:40.032 TRACE 1488 --- [    Test worker] o.h.type.descriptor.sql.BasicBinder      : binding parameter [3] as [VARCHAR] - [member2]
2021-07-21 19:19:40.034 TRACE 1488 --- [    Test worker] o.h.type.descriptor.sql.BasicBinder      : binding parameter [4] as [BIGINT] - [4]
2021-07-21 19:19:40.035  INFO 1488 --- [    Test worker] p6spy                                    : #1626862780035 | took 0ms | statement | connection 3| url jdbc:h2:tcp://localhost/~/querydsl
insert into member (age, team_id, username, member_id) values (?, ?, ?, ?)
insert into member (age, team_id, username, member_id) values (20, 1, 'member2', 4);
2021-07-21 19:19:40.035 DEBUG 1488 --- [    Test worker] org.hibernate.SQL                        : 
    insert 
    into
        member
        (age, team_id, username, member_id) 
    values
        (?, ?, ?, ?)
2021-07-21 19:19:40.037 TRACE 1488 --- [    Test worker] o.h.type.descriptor.sql.BasicBinder      : binding parameter [1] as [INTEGER] - [30]
2021-07-21 19:19:40.040 TRACE 1488 --- [    Test worker] o.h.type.descriptor.sql.BasicBinder      : binding parameter [2] as [BIGINT] - [2]
2021-07-21 19:19:40.041 TRACE 1488 --- [    Test worker] o.h.type.descriptor.sql.BasicBinder      : binding parameter [3] as [VARCHAR] - [member3]
2021-07-21 19:19:40.043 TRACE 1488 --- [    Test worker] o.h.type.descriptor.sql.BasicBinder      : binding parameter [4] as [BIGINT] - [5]
2021-07-21 19:19:40.044  INFO 1488 --- [    Test worker] p6spy                                    : #1626862780044 | took 0ms | statement | connection 3| url jdbc:h2:tcp://localhost/~/querydsl
insert into member (age, team_id, username, member_id) values (?, ?, ?, ?)
insert into member (age, team_id, username, member_id) values (30, 2, 'member3', 5);
2021-07-21 19:19:40.045 DEBUG 1488 --- [    Test worker] org.hibernate.SQL                        : 
    insert 
    into
        member
        (age, team_id, username, member_id) 
    values
        (?, ?, ?, ?)
2021-07-21 19:19:40.048 TRACE 1488 --- [    Test worker] o.h.type.descriptor.sql.BasicBinder      : binding parameter [1] as [INTEGER] - [40]
2021-07-21 19:19:40.049 TRACE 1488 --- [    Test worker] o.h.type.descriptor.sql.BasicBinder      : binding parameter [2] as [BIGINT] - [2]
2021-07-21 19:19:40.051 TRACE 1488 --- [    Test worker] o.h.type.descriptor.sql.BasicBinder      : binding parameter [3] as [VARCHAR] - [member4]
2021-07-21 19:19:40.052 TRACE 1488 --- [    Test worker] o.h.type.descriptor.sql.BasicBinder      : binding parameter [4] as [BIGINT] - [6]
2021-07-21 19:19:40.052  INFO 1488 --- [    Test worker] p6spy                                    : #1626862780052 | took 0ms | statement | connection 3| url jdbc:h2:tcp://localhost/~/querydsl
insert into member (age, team_id, username, member_id) values (?, ?, ?, ?)
insert into member (age, team_id, username, member_id) values (40, 2, 'member4', 6);
2021-07-21 19:19:40.305 DEBUG 1488 --- [    Test worker] org.hibernate.SQL                        : 
    select
        member0_.username as col_0_0_,
        (select
            max(member1_.age) 
        from
            member member1_) as col_1_0_ 
    from
        member member0_
2021-07-21 19:19:40.348  INFO 1488 --- [    Test worker] p6spy                                    : #1626862780347 | took 13ms | statement | connection 3| url jdbc:h2:tcp://localhost/~/querydsl
select member0_.username as col_0_0_, (select max(member1_.age) from member member1_) as col_1_0_ from member member0_
select member0_.username as col_0_0_, (select max(member1_.age) from member member1_) as col_1_0_ from member member0_;
2021-07-21 19:19:40.355 TRACE 1488 --- [    Test worker] o.h.type.descriptor.sql.BasicExtractor   : extracted value ([col_0_0_] : [VARCHAR]) - [member1]
2021-07-21 19:19:40.357 TRACE 1488 --- [    Test worker] o.h.type.descriptor.sql.BasicExtractor   : extracted value ([col_1_0_] : [INTEGER]) - [40]
2021-07-21 19:19:40.358 TRACE 1488 --- [    Test worker] o.h.type.descriptor.sql.BasicExtractor   : extracted value ([col_0_0_] : [VARCHAR]) - [member2]
2021-07-21 19:19:40.359 TRACE 1488 --- [    Test worker] o.h.type.descriptor.sql.BasicExtractor   : extracted value ([col_1_0_] : [INTEGER]) - [40]
2021-07-21 19:19:40.360 TRACE 1488 --- [    Test worker] o.h.type.descriptor.sql.BasicExtractor   : extracted value ([col_0_0_] : [VARCHAR]) - [member3]
2021-07-21 19:19:40.361 TRACE 1488 --- [    Test worker] o.h.type.descriptor.sql.BasicExtractor   : extracted value ([col_1_0_] : [INTEGER]) - [40]
2021-07-21 19:19:40.362 TRACE 1488 --- [    Test worker] o.h.type.descriptor.sql.BasicExtractor   : extracted value ([col_0_0_] : [VARCHAR]) - [member4]
2021-07-21 19:19:40.363 TRACE 1488 --- [    Test worker] o.h.type.descriptor.sql.BasicExtractor   : extracted value ([col_1_0_] : [INTEGER]) - [40]
m = UserDto(name=member1, age=40)
m = UserDto(name=member2, age=40)
m = UserDto(name=member3, age=40)
m = UserDto(name=member4, age=40)
2021-07-21 19:19:40.408  INFO 1488 --- [    Test worker] p6spy                                    : #1626862780408 | took 2ms | commit | connection 3| url jdbc:h2:tcp://localhost/~/querydsl

;
2021-07-21 19:19:40.411  INFO 1488 --- [    Test worker] o.s.t.c.transaction.TransactionContext   : Committed transaction for test: [DefaultTestContext@5d1d741e testClass = QuerydslBasicTest, testInstance = study.querydsl.QuerydslBasicTest@7db3c79, testMethod = findUserDto@QuerydslBasicTest, testException = [null], mergedContextConfiguration = [WebMergedContextConfiguration@279a012d testClass = QuerydslBasicTest, locations = '{}', classes = '{class study.querydsl.QuerydslApplication}', contextInitializerClasses = '[]', activeProfiles = '{}', propertySourceLocations = '{}', propertySourceProperties = '{org.springframework.boot.test.context.SpringBootTestContextBootstrapper=true}', contextCustomizers = set[org.springframework.boot.test.autoconfigure.actuate.metrics.MetricsExportContextCustomizerFactory$DisableMetricExportContextCustomizer@e70184, org.springframework.boot.test.autoconfigure.properties.PropertyMappingContextCustomizer@0, org.springframework.boot.test.autoconfigure.web.servlet.WebDriverContextCustomizerFactory$Customizer@d954bce, org.springframework.boot.test.context.filter.ExcludeFilterContextCustomizer@63fee86b, org.springframework.boot.test.json.DuplicateJsonObjectContextCustomizerFactory$DuplicateJsonObjectContextCustomizer@1f937f70, org.springframework.boot.test.mock.mockito.MockitoContextCustomizer@0, org.springframework.boot.test.web.client.TestRestTemplateContextCustomizer@239a8b94, org.springframework.boot.test.context.SpringBootTestArgs@1, org.springframework.boot.test.context.SpringBootTestWebEnvironment@6257b8b3], resourceBasePath = 'src/main/webapp', contextLoader = 'org.springframework.boot.test.context.SpringBootContextLoader', parent = [null]], attributes = map['org.springframework.test.context.web.ServletTestExecutionListener.activateListener' -> true, 'org.springframework.test.context.web.ServletTestExecutionListener.populatedRequestContextHolder' -> true, 'org.springframework.test.context.web.ServletTestExecutionListener.resetRequestContextHolder' -> true, 'org.springframework.test.context.event.ApplicationEventsTestExecutionListener.recordApplicationEvents' -> false]]
]]></system-out>
  <system-err><![CDATA[]]></system-err>
</testsuite>
