<?xml version="1.0" encoding="UTF-8"?>
<testsuite name="study.querydsl.QuerydslBasicTest" tests="1" skipped="0" failures="0" errors="0" timestamp="2021-07-23T06:53:20" hostname="jeongjiwon-ui-MacBookAir.local" time="0.642">
  <properties/>
  <testcase name="bulkDelete()" classname="study.querydsl.QuerydslBasicTest" time="0.642"/>
  <system-out><![CDATA[15:53:07.575 [Test worker] DEBUG org.springframework.test.context.BootstrapUtils - Instantiating CacheAwareContextLoaderDelegate from class [org.springframework.test.context.cache.DefaultCacheAwareContextLoaderDelegate]
15:53:07.585 [Test worker] DEBUG org.springframework.test.context.BootstrapUtils - Instantiating BootstrapContext using constructor [public org.springframework.test.context.support.DefaultBootstrapContext(java.lang.Class,org.springframework.test.context.CacheAwareContextLoaderDelegate)]
15:53:07.651 [Test worker] DEBUG org.springframework.test.context.BootstrapUtils - Instantiating TestContextBootstrapper for test class [study.querydsl.QuerydslBasicTest] from class [org.springframework.boot.test.context.SpringBootTestContextBootstrapper]
15:53:07.668 [Test worker] INFO org.springframework.boot.test.context.SpringBootTestContextBootstrapper - Neither @ContextConfiguration nor @ContextHierarchy found for test class [study.querydsl.QuerydslBasicTest], using SpringBootContextLoader
15:53:07.674 [Test worker] DEBUG org.springframework.test.context.support.AbstractContextLoader - Did not detect default resource location for test class [study.querydsl.QuerydslBasicTest]: class path resource [study/querydsl/QuerydslBasicTest-context.xml] does not exist
15:53:07.675 [Test worker] DEBUG org.springframework.test.context.support.AbstractContextLoader - Did not detect default resource location for test class [study.querydsl.QuerydslBasicTest]: class path resource [study/querydsl/QuerydslBasicTestContext.groovy] does not exist
15:53:07.676 [Test worker] INFO org.springframework.test.context.support.AbstractContextLoader - Could not detect default resource locations for test class [study.querydsl.QuerydslBasicTest]: no resource found for suffixes {-context.xml, Context.groovy}.
15:53:07.677 [Test worker] INFO org.springframework.test.context.support.AnnotationConfigContextLoaderUtils - Could not detect default configuration classes for test class [study.querydsl.QuerydslBasicTest]: QuerydslBasicTest does not declare any static, non-private, non-final, nested classes annotated with @Configuration.
15:53:07.794 [Test worker] DEBUG org.springframework.test.context.support.ActiveProfilesUtils - Could not find an 'annotation declaring class' for annotation type [org.springframework.test.context.ActiveProfiles] and class [study.querydsl.QuerydslBasicTest]
15:53:07.909 [Test worker] DEBUG org.springframework.context.annotation.ClassPathScanningCandidateComponentProvider - Identified candidate component class: file [/Users/jiwon/dev-study/inflearn-Querydsl/inflearn-querydsl/build/classes/java/main/study/querydsl/QuerydslApplication.class]
15:53:07.914 [Test worker] INFO org.springframework.boot.test.context.SpringBootTestContextBootstrapper - Found @SpringBootConfiguration study.querydsl.QuerydslApplication for test class study.querydsl.QuerydslBasicTest
15:53:08.118 [Test worker] DEBUG org.springframework.boot.test.context.SpringBootTestContextBootstrapper - @TestExecutionListeners is not present for class [study.querydsl.QuerydslBasicTest]: using defaults.
15:53:08.119 [Test worker] INFO org.springframework.boot.test.context.SpringBootTestContextBootstrapper - Loaded default TestExecutionListener class names from location [META-INF/spring.factories]: [org.springframework.boot.test.autoconfigure.restdocs.RestDocsTestExecutionListener, org.springframework.boot.test.autoconfigure.web.client.MockRestServiceServerResetTestExecutionListener, org.springframework.boot.test.autoconfigure.web.servlet.MockMvcPrintOnlyOnFailureTestExecutionListener, org.springframework.boot.test.autoconfigure.web.servlet.WebDriverTestExecutionListener, org.springframework.boot.test.autoconfigure.webservices.client.MockWebServiceServerTestExecutionListener, org.springframework.boot.test.mock.mockito.MockitoTestExecutionListener, org.springframework.boot.test.mock.mockito.ResetMocksTestExecutionListener, org.springframework.test.context.web.ServletTestExecutionListener, org.springframework.test.context.support.DirtiesContextBeforeModesTestExecutionListener, org.springframework.test.context.event.ApplicationEventsTestExecutionListener, org.springframework.test.context.support.DependencyInjectionTestExecutionListener, org.springframework.test.context.support.DirtiesContextTestExecutionListener, org.springframework.test.context.transaction.TransactionalTestExecutionListener, org.springframework.test.context.jdbc.SqlScriptsTestExecutionListener, org.springframework.test.context.event.EventPublishingTestExecutionListener]
15:53:08.135 [Test worker] INFO org.springframework.boot.test.context.SpringBootTestContextBootstrapper - Using TestExecutionListeners: [org.springframework.test.context.web.ServletTestExecutionListener@50e022f1, org.springframework.test.context.support.DirtiesContextBeforeModesTestExecutionListener@21cdca7b, org.springframework.test.context.event.ApplicationEventsTestExecutionListener@1c8ddc1d, org.springframework.boot.test.mock.mockito.MockitoTestExecutionListener@556bada0, org.springframework.boot.test.autoconfigure.SpringBootDependencyInjectionTestExecutionListener@4cdea56, org.springframework.test.context.support.DirtiesContextTestExecutionListener@4b1c76a6, org.springframework.test.context.transaction.TransactionalTestExecutionListener@390336ec, org.springframework.test.context.jdbc.SqlScriptsTestExecutionListener@318d8ac1, org.springframework.test.context.event.EventPublishingTestExecutionListener@5af949fc, org.springframework.boot.test.autoconfigure.restdocs.RestDocsTestExecutionListener@7278bd43, org.springframework.boot.test.autoconfigure.web.client.MockRestServiceServerResetTestExecutionListener@526c41b6, org.springframework.boot.test.autoconfigure.web.servlet.MockMvcPrintOnlyOnFailureTestExecutionListener@fea12b8, org.springframework.boot.test.autoconfigure.web.servlet.WebDriverTestExecutionListener@1f4c0c10, org.springframework.boot.test.autoconfigure.webservices.client.MockWebServiceServerTestExecutionListener@28e9381f, org.springframework.boot.test.mock.mockito.ResetMocksTestExecutionListener@18b8ad45]
15:53:08.142 [Test worker] DEBUG org.springframework.test.context.support.AbstractDirtiesContextTestExecutionListener - Before test class: context [DefaultTestContext@5b33347 testClass = QuerydslBasicTest, testInstance = [null], testMethod = [null], testException = [null], mergedContextConfiguration = [WebMergedContextConfiguration@5b4c857f testClass = QuerydslBasicTest, locations = '{}', classes = '{class study.querydsl.QuerydslApplication}', contextInitializerClasses = '[]', activeProfiles = '{}', propertySourceLocations = '{}', propertySourceProperties = '{org.springframework.boot.test.context.SpringBootTestContextBootstrapper=true}', contextCustomizers = set[org.springframework.boot.test.autoconfigure.actuate.metrics.MetricsExportContextCustomizerFactory$DisableMetricExportContextCustomizer@238a2556, org.springframework.boot.test.autoconfigure.properties.PropertyMappingContextCustomizer@0, org.springframework.boot.test.autoconfigure.web.servlet.WebDriverContextCustomizerFactory$Customizer@7b72d0a0, org.springframework.boot.test.context.filter.ExcludeFilterContextCustomizer@45540e6e, org.springframework.boot.test.json.DuplicateJsonObjectContextCustomizerFactory$DuplicateJsonObjectContextCustomizer@42b0c619, org.springframework.boot.test.mock.mockito.MockitoContextCustomizer@0, org.springframework.boot.test.web.client.TestRestTemplateContextCustomizer@281bb0fb, org.springframework.boot.test.context.SpringBootTestArgs@1, org.springframework.boot.test.context.SpringBootTestWebEnvironment@168c3280], resourceBasePath = 'src/main/webapp', contextLoader = 'org.springframework.boot.test.context.SpringBootContextLoader', parent = [null]], attributes = map['org.springframework.test.context.web.ServletTestExecutionListener.activateListener' -> true]], class annotated with @DirtiesContext [false] with mode [null].
15:53:08.212 [Test worker] DEBUG org.springframework.test.context.support.TestPropertySourceUtils - Adding inlined properties to environment: {spring.jmx.enabled=false, org.springframework.boot.test.context.SpringBootTestContextBootstrapper=true}

  .   ____          _            __ _ _
 /\\ / ___'_ __ _ _(_)_ __  __ _ \ \ \ \
( ( )\___ | '_ | '_| | '_ \/ _` | \ \ \ \
 \\/  ___)| |_)| | | | | || (_| |  ) ) ) )
  '  |____| .__|_| |_|_| |_\__, | / / / /
 =========|_|==============|___/=/_/_/_/
 :: Spring Boot ::                (v2.4.8)

2021-07-23 15:53:13.718  INFO 35319 --- [    Test worker] study.querydsl.QuerydslBasicTest         : Starting QuerydslBasicTest using Java 11.0.12 on jeongjiwon-ui-MacBookAir.local with PID 35319 (started by jiwon in /Users/jiwon/dev-study/inflearn-Querydsl/inflearn-querydsl)
2021-07-23 15:53:13.722  INFO 35319 --- [    Test worker] study.querydsl.QuerydslBasicTest         : No active profile set, falling back to default profiles: default
2021-07-23 15:53:14.944  INFO 35319 --- [    Test worker] .s.d.r.c.RepositoryConfigurationDelegate : Bootstrapping Spring Data JPA repositories in DEFAULT mode.
2021-07-23 15:53:14.999  INFO 35319 --- [    Test worker] .s.d.r.c.RepositoryConfigurationDelegate : Finished Spring Data repository scanning in 47 ms. Found 0 JPA repository interfaces.
2021-07-23 15:53:16.529  INFO 35319 --- [    Test worker] o.hibernate.jpa.internal.util.LogHelper  : HHH000204: Processing PersistenceUnitInfo [name: default]
2021-07-23 15:53:16.596  INFO 35319 --- [    Test worker] org.hibernate.Version                    : HHH000412: Hibernate ORM core version 5.4.32.Final
2021-07-23 15:53:16.799  INFO 35319 --- [    Test worker] o.hibernate.annotations.common.Version   : HCANN000001: Hibernate Commons Annotations {5.1.2.Final}
2021-07-23 15:53:16.839 DEBUG 35319 --- [    Test worker] org.hibernate.type.BasicTypeRegistry     : Adding type registration boolean -> org.hibernate.type.BooleanType@7fd75502
2021-07-23 15:53:16.840 DEBUG 35319 --- [    Test worker] org.hibernate.type.BasicTypeRegistry     : Adding type registration boolean -> org.hibernate.type.BooleanType@7fd75502
2021-07-23 15:53:16.840 DEBUG 35319 --- [    Test worker] org.hibernate.type.BasicTypeRegistry     : Adding type registration java.lang.Boolean -> org.hibernate.type.BooleanType@7fd75502
2021-07-23 15:53:16.841 DEBUG 35319 --- [    Test worker] org.hibernate.type.BasicTypeRegistry     : Adding type registration numeric_boolean -> org.hibernate.type.NumericBooleanType@6f778c07
2021-07-23 15:53:16.842 DEBUG 35319 --- [    Test worker] org.hibernate.type.BasicTypeRegistry     : Adding type registration true_false -> org.hibernate.type.TrueFalseType@796dca90
2021-07-23 15:53:16.842 DEBUG 35319 --- [    Test worker] org.hibernate.type.BasicTypeRegistry     : Adding type registration yes_no -> org.hibernate.type.YesNoType@76923e45
2021-07-23 15:53:16.843 DEBUG 35319 --- [    Test worker] org.hibernate.type.BasicTypeRegistry     : Adding type registration byte -> org.hibernate.type.ByteType@60670078
2021-07-23 15:53:16.844 DEBUG 35319 --- [    Test worker] org.hibernate.type.BasicTypeRegistry     : Adding type registration byte -> org.hibernate.type.ByteType@60670078
2021-07-23 15:53:16.844 DEBUG 35319 --- [    Test worker] org.hibernate.type.BasicTypeRegistry     : Adding type registration java.lang.Byte -> org.hibernate.type.ByteType@60670078
2021-07-23 15:53:16.845 DEBUG 35319 --- [    Test worker] org.hibernate.type.BasicTypeRegistry     : Adding type registration character -> org.hibernate.type.CharacterType@122c624d
2021-07-23 15:53:16.845 DEBUG 35319 --- [    Test worker] org.hibernate.type.BasicTypeRegistry     : Adding type registration char -> org.hibernate.type.CharacterType@122c624d
2021-07-23 15:53:16.845 DEBUG 35319 --- [    Test worker] org.hibernate.type.BasicTypeRegistry     : Adding type registration java.lang.Character -> org.hibernate.type.CharacterType@122c624d
2021-07-23 15:53:16.846 DEBUG 35319 --- [    Test worker] org.hibernate.type.BasicTypeRegistry     : Adding type registration short -> org.hibernate.type.ShortType@834fed2
2021-07-23 15:53:16.846 DEBUG 35319 --- [    Test worker] org.hibernate.type.BasicTypeRegistry     : Adding type registration short -> org.hibernate.type.ShortType@834fed2
2021-07-23 15:53:16.846 DEBUG 35319 --- [    Test worker] org.hibernate.type.BasicTypeRegistry     : Adding type registration java.lang.Short -> org.hibernate.type.ShortType@834fed2
2021-07-23 15:53:16.847 DEBUG 35319 --- [    Test worker] org.hibernate.type.BasicTypeRegistry     : Adding type registration integer -> org.hibernate.type.IntegerType@23af4f64
2021-07-23 15:53:16.849 DEBUG 35319 --- [    Test worker] org.hibernate.type.BasicTypeRegistry     : Adding type registration int -> org.hibernate.type.IntegerType@23af4f64
2021-07-23 15:53:16.850 DEBUG 35319 --- [    Test worker] org.hibernate.type.BasicTypeRegistry     : Adding type registration java.lang.Integer -> org.hibernate.type.IntegerType@23af4f64
2021-07-23 15:53:16.851 DEBUG 35319 --- [    Test worker] org.hibernate.type.BasicTypeRegistry     : Adding type registration long -> org.hibernate.type.LongType@28764f4c
2021-07-23 15:53:16.851 DEBUG 35319 --- [    Test worker] org.hibernate.type.BasicTypeRegistry     : Adding type registration long -> org.hibernate.type.LongType@28764f4c
2021-07-23 15:53:16.852 DEBUG 35319 --- [    Test worker] org.hibernate.type.BasicTypeRegistry     : Adding type registration java.lang.Long -> org.hibernate.type.LongType@28764f4c
2021-07-23 15:53:16.852 DEBUG 35319 --- [    Test worker] org.hibernate.type.BasicTypeRegistry     : Adding type registration float -> org.hibernate.type.FloatType@29e37ece
2021-07-23 15:53:16.853 DEBUG 35319 --- [    Test worker] org.hibernate.type.BasicTypeRegistry     : Adding type registration float -> org.hibernate.type.FloatType@29e37ece
2021-07-23 15:53:16.853 DEBUG 35319 --- [    Test worker] org.hibernate.type.BasicTypeRegistry     : Adding type registration java.lang.Float -> org.hibernate.type.FloatType@29e37ece
2021-07-23 15:53:16.856 DEBUG 35319 --- [    Test worker] org.hibernate.type.BasicTypeRegistry     : Adding type registration double -> org.hibernate.type.DoubleType@4af0dc6f
2021-07-23 15:53:16.857 DEBUG 35319 --- [    Test worker] org.hibernate.type.BasicTypeRegistry     : Adding type registration double -> org.hibernate.type.DoubleType@4af0dc6f
2021-07-23 15:53:16.858 DEBUG 35319 --- [    Test worker] org.hibernate.type.BasicTypeRegistry     : Adding type registration java.lang.Double -> org.hibernate.type.DoubleType@4af0dc6f
2021-07-23 15:53:16.860 DEBUG 35319 --- [    Test worker] org.hibernate.type.BasicTypeRegistry     : Adding type registration big_decimal -> org.hibernate.type.BigDecimalType@2a53dd85
2021-07-23 15:53:16.860 DEBUG 35319 --- [    Test worker] org.hibernate.type.BasicTypeRegistry     : Adding type registration java.math.BigDecimal -> org.hibernate.type.BigDecimalType@2a53dd85
2021-07-23 15:53:16.861 DEBUG 35319 --- [    Test worker] org.hibernate.type.BasicTypeRegistry     : Adding type registration big_integer -> org.hibernate.type.BigIntegerType@6ba9bf8c
2021-07-23 15:53:16.861 DEBUG 35319 --- [    Test worker] org.hibernate.type.BasicTypeRegistry     : Adding type registration java.math.BigInteger -> org.hibernate.type.BigIntegerType@6ba9bf8c
2021-07-23 15:53:16.862 DEBUG 35319 --- [    Test worker] org.hibernate.type.BasicTypeRegistry     : Adding type registration string -> org.hibernate.type.StringType@476778bc
2021-07-23 15:53:16.863 DEBUG 35319 --- [    Test worker] org.hibernate.type.BasicTypeRegistry     : Adding type registration java.lang.String -> org.hibernate.type.StringType@476778bc
2021-07-23 15:53:16.864 DEBUG 35319 --- [    Test worker] org.hibernate.type.BasicTypeRegistry     : Adding type registration nstring -> org.hibernate.type.StringNVarcharType@3ee9fb36
2021-07-23 15:53:16.865 DEBUG 35319 --- [    Test worker] org.hibernate.type.BasicTypeRegistry     : Adding type registration ncharacter -> org.hibernate.type.CharacterNCharType@40ff3719
2021-07-23 15:53:16.865 DEBUG 35319 --- [    Test worker] org.hibernate.type.BasicTypeRegistry     : Adding type registration url -> org.hibernate.type.UrlType@53aa2682
2021-07-23 15:53:16.865 DEBUG 35319 --- [    Test worker] org.hibernate.type.BasicTypeRegistry     : Adding type registration java.net.URL -> org.hibernate.type.UrlType@53aa2682
2021-07-23 15:53:16.866 DEBUG 35319 --- [    Test worker] org.hibernate.type.BasicTypeRegistry     : Adding type registration Duration -> org.hibernate.type.DurationType@12dfef19
2021-07-23 15:53:16.866 DEBUG 35319 --- [    Test worker] org.hibernate.type.BasicTypeRegistry     : Adding type registration java.time.Duration -> org.hibernate.type.DurationType@12dfef19
2021-07-23 15:53:16.868 DEBUG 35319 --- [    Test worker] org.hibernate.type.BasicTypeRegistry     : Adding type registration Instant -> org.hibernate.type.InstantType@757a239d
2021-07-23 15:53:16.870 DEBUG 35319 --- [    Test worker] org.hibernate.type.BasicTypeRegistry     : Adding type registration java.time.Instant -> org.hibernate.type.InstantType@757a239d
2021-07-23 15:53:16.872 DEBUG 35319 --- [    Test worker] org.hibernate.type.BasicTypeRegistry     : Adding type registration LocalDateTime -> org.hibernate.type.LocalDateTimeType@282bffe1
2021-07-23 15:53:16.872 DEBUG 35319 --- [    Test worker] org.hibernate.type.BasicTypeRegistry     : Adding type registration java.time.LocalDateTime -> org.hibernate.type.LocalDateTimeType@282bffe1
2021-07-23 15:53:16.873 DEBUG 35319 --- [    Test worker] org.hibernate.type.BasicTypeRegistry     : Adding type registration LocalDate -> org.hibernate.type.LocalDateType@748bf27a
2021-07-23 15:53:16.873 DEBUG 35319 --- [    Test worker] org.hibernate.type.BasicTypeRegistry     : Adding type registration java.time.LocalDate -> org.hibernate.type.LocalDateType@748bf27a
2021-07-23 15:53:16.875 DEBUG 35319 --- [    Test worker] org.hibernate.type.BasicTypeRegistry     : Adding type registration LocalTime -> org.hibernate.type.LocalTimeType@2bd51a31
2021-07-23 15:53:16.875 DEBUG 35319 --- [    Test worker] org.hibernate.type.BasicTypeRegistry     : Adding type registration java.time.LocalTime -> org.hibernate.type.LocalTimeType@2bd51a31
2021-07-23 15:53:16.877 DEBUG 35319 --- [    Test worker] org.hibernate.type.BasicTypeRegistry     : Adding type registration OffsetDateTime -> org.hibernate.type.OffsetDateTimeType@5406546c
2021-07-23 15:53:16.877 DEBUG 35319 --- [    Test worker] org.hibernate.type.BasicTypeRegistry     : Adding type registration java.time.OffsetDateTime -> org.hibernate.type.OffsetDateTimeType@5406546c
2021-07-23 15:53:16.878 DEBUG 35319 --- [    Test worker] org.hibernate.type.BasicTypeRegistry     : Adding type registration OffsetTime -> org.hibernate.type.OffsetTimeType@689ac728
2021-07-23 15:53:16.881 DEBUG 35319 --- [    Test worker] org.hibernate.type.BasicTypeRegistry     : Adding type registration java.time.OffsetTime -> org.hibernate.type.OffsetTimeType@689ac728
2021-07-23 15:53:16.883 DEBUG 35319 --- [    Test worker] org.hibernate.type.BasicTypeRegistry     : Adding type registration ZonedDateTime -> org.hibernate.type.ZonedDateTimeType@7f2f2c9c
2021-07-23 15:53:16.883 DEBUG 35319 --- [    Test worker] org.hibernate.type.BasicTypeRegistry     : Adding type registration java.time.ZonedDateTime -> org.hibernate.type.ZonedDateTimeType@7f2f2c9c
2021-07-23 15:53:16.885 DEBUG 35319 --- [    Test worker] org.hibernate.type.BasicTypeRegistry     : Adding type registration date -> org.hibernate.type.DateType@32b8b1d4
2021-07-23 15:53:16.885 DEBUG 35319 --- [    Test worker] org.hibernate.type.BasicTypeRegistry     : Adding type registration java.sql.Date -> org.hibernate.type.DateType@32b8b1d4
2021-07-23 15:53:16.886 DEBUG 35319 --- [    Test worker] org.hibernate.type.BasicTypeRegistry     : Adding type registration time -> org.hibernate.type.TimeType@496dde39
2021-07-23 15:53:16.886 DEBUG 35319 --- [    Test worker] org.hibernate.type.BasicTypeRegistry     : Adding type registration java.sql.Time -> org.hibernate.type.TimeType@496dde39
2021-07-23 15:53:16.887 DEBUG 35319 --- [    Test worker] org.hibernate.type.BasicTypeRegistry     : Adding type registration timestamp -> org.hibernate.type.TimestampType@25152b77
2021-07-23 15:53:16.887 DEBUG 35319 --- [    Test worker] org.hibernate.type.BasicTypeRegistry     : Adding type registration java.sql.Timestamp -> org.hibernate.type.TimestampType@25152b77
2021-07-23 15:53:16.887 DEBUG 35319 --- [    Test worker] org.hibernate.type.BasicTypeRegistry     : Adding type registration java.util.Date -> org.hibernate.type.TimestampType@25152b77
2021-07-23 15:53:16.890 DEBUG 35319 --- [    Test worker] org.hibernate.type.BasicTypeRegistry     : Adding type registration dbtimestamp -> org.hibernate.type.DbTimestampType@69a0a969
2021-07-23 15:53:16.892 DEBUG 35319 --- [    Test worker] org.hibernate.type.BasicTypeRegistry     : Adding type registration calendar -> org.hibernate.type.CalendarType@249cbaf3
2021-07-23 15:53:16.892 DEBUG 35319 --- [    Test worker] org.hibernate.type.BasicTypeRegistry     : Adding type registration java.util.Calendar -> org.hibernate.type.CalendarType@249cbaf3
2021-07-23 15:53:16.892 DEBUG 35319 --- [    Test worker] org.hibernate.type.BasicTypeRegistry     : Adding type registration java.util.GregorianCalendar -> org.hibernate.type.CalendarType@249cbaf3
2021-07-23 15:53:16.893 DEBUG 35319 --- [    Test worker] org.hibernate.type.BasicTypeRegistry     : Adding type registration calendar_date -> org.hibernate.type.CalendarDateType@5f83c55f
2021-07-23 15:53:16.901 DEBUG 35319 --- [    Test worker] org.hibernate.type.BasicTypeRegistry     : Adding type registration calendar_time -> org.hibernate.type.CalendarTimeType@20a95a04
2021-07-23 15:53:16.905 DEBUG 35319 --- [    Test worker] org.hibernate.type.BasicTypeRegistry     : Adding type registration locale -> org.hibernate.type.LocaleType@6a84377b
2021-07-23 15:53:16.906 DEBUG 35319 --- [    Test worker] org.hibernate.type.BasicTypeRegistry     : Adding type registration java.util.Locale -> org.hibernate.type.LocaleType@6a84377b
2021-07-23 15:53:16.908 DEBUG 35319 --- [    Test worker] org.hibernate.type.BasicTypeRegistry     : Adding type registration currency -> org.hibernate.type.CurrencyType@23836db2
2021-07-23 15:53:16.909 DEBUG 35319 --- [    Test worker] org.hibernate.type.BasicTypeRegistry     : Adding type registration java.util.Currency -> org.hibernate.type.CurrencyType@23836db2
2021-07-23 15:53:16.911 DEBUG 35319 --- [    Test worker] org.hibernate.type.BasicTypeRegistry     : Adding type registration timezone -> org.hibernate.type.TimeZoneType@595d0108
2021-07-23 15:53:16.911 DEBUG 35319 --- [    Test worker] org.hibernate.type.BasicTypeRegistry     : Adding type registration java.util.TimeZone -> org.hibernate.type.TimeZoneType@595d0108
2021-07-23 15:53:16.912 DEBUG 35319 --- [    Test worker] org.hibernate.type.BasicTypeRegistry     : Adding type registration class -> org.hibernate.type.ClassType@60fac0b1
2021-07-23 15:53:16.913 DEBUG 35319 --- [    Test worker] org.hibernate.type.BasicTypeRegistry     : Adding type registration java.lang.Class -> org.hibernate.type.ClassType@60fac0b1
2021-07-23 15:53:16.914 DEBUG 35319 --- [    Test worker] org.hibernate.type.BasicTypeRegistry     : Adding type registration uuid-binary -> org.hibernate.type.UUIDBinaryType@7d4b6b16
2021-07-23 15:53:16.914 DEBUG 35319 --- [    Test worker] org.hibernate.type.BasicTypeRegistry     : Adding type registration java.util.UUID -> org.hibernate.type.UUIDBinaryType@7d4b6b16
2021-07-23 15:53:16.914 DEBUG 35319 --- [    Test worker] org.hibernate.type.BasicTypeRegistry     : Adding type registration uuid-char -> org.hibernate.type.UUIDCharType@437d56f8
2021-07-23 15:53:16.915 DEBUG 35319 --- [    Test worker] org.hibernate.type.BasicTypeRegistry     : Adding type registration binary -> org.hibernate.type.BinaryType@33531b90
2021-07-23 15:53:16.916 DEBUG 35319 --- [    Test worker] org.hibernate.type.BasicTypeRegistry     : Adding type registration byte[] -> org.hibernate.type.BinaryType@33531b90
2021-07-23 15:53:16.916 DEBUG 35319 --- [    Test worker] org.hibernate.type.BasicTypeRegistry     : Adding type registration [B -> org.hibernate.type.BinaryType@33531b90
2021-07-23 15:53:16.917 DEBUG 35319 --- [    Test worker] org.hibernate.type.BasicTypeRegistry     : Adding type registration wrapper-binary -> org.hibernate.type.WrapperBinaryType@2c6e1778
2021-07-23 15:53:16.917 DEBUG 35319 --- [    Test worker] org.hibernate.type.BasicTypeRegistry     : Adding type registration Byte[] -> org.hibernate.type.WrapperBinaryType@2c6e1778
2021-07-23 15:53:16.917 DEBUG 35319 --- [    Test worker] org.hibernate.type.BasicTypeRegistry     : Adding type registration [Ljava.lang.Byte; -> org.hibernate.type.WrapperBinaryType@2c6e1778
2021-07-23 15:53:16.919 DEBUG 35319 --- [    Test worker] org.hibernate.type.BasicTypeRegistry     : Adding type registration row_version -> org.hibernate.type.RowVersionType@5daa4f51
2021-07-23 15:53:16.920 DEBUG 35319 --- [    Test worker] org.hibernate.type.BasicTypeRegistry     : Adding type registration image -> org.hibernate.type.ImageType@13c027d5
2021-07-23 15:53:16.921 DEBUG 35319 --- [    Test worker] org.hibernate.type.BasicTypeRegistry     : Adding type registration characters -> org.hibernate.type.CharArrayType@69efc83c
2021-07-23 15:53:16.921 DEBUG 35319 --- [    Test worker] org.hibernate.type.BasicTypeRegistry     : Adding type registration char[] -> org.hibernate.type.CharArrayType@69efc83c
2021-07-23 15:53:16.921 DEBUG 35319 --- [    Test worker] org.hibernate.type.BasicTypeRegistry     : Adding type registration [C -> org.hibernate.type.CharArrayType@69efc83c
2021-07-23 15:53:16.922 DEBUG 35319 --- [    Test worker] org.hibernate.type.BasicTypeRegistry     : Adding type registration wrapper-characters -> org.hibernate.type.CharacterArrayType@4ab15f8d
2021-07-23 15:53:16.922 DEBUG 35319 --- [    Test worker] org.hibernate.type.BasicTypeRegistry     : Adding type registration [Ljava.lang.Character; -> org.hibernate.type.CharacterArrayType@4ab15f8d
2021-07-23 15:53:16.922 DEBUG 35319 --- [    Test worker] org.hibernate.type.BasicTypeRegistry     : Adding type registration Character[] -> org.hibernate.type.CharacterArrayType@4ab15f8d
2021-07-23 15:53:16.922 DEBUG 35319 --- [    Test worker] org.hibernate.type.BasicTypeRegistry     : Adding type registration text -> org.hibernate.type.TextType@7bb627a2
2021-07-23 15:53:16.923 DEBUG 35319 --- [    Test worker] org.hibernate.type.BasicTypeRegistry     : Adding type registration ntext -> org.hibernate.type.NTextType@7089024
2021-07-23 15:53:16.925 DEBUG 35319 --- [    Test worker] org.hibernate.type.BasicTypeRegistry     : Adding type registration blob -> org.hibernate.type.BlobType@7cc50293
2021-07-23 15:53:16.925 DEBUG 35319 --- [    Test worker] org.hibernate.type.BasicTypeRegistry     : Adding type registration java.sql.Blob -> org.hibernate.type.BlobType@7cc50293
2021-07-23 15:53:16.925 DEBUG 35319 --- [    Test worker] org.hibernate.type.BasicTypeRegistry     : Adding type registration materialized_blob -> org.hibernate.type.MaterializedBlobType@28464d92
2021-07-23 15:53:16.927 DEBUG 35319 --- [    Test worker] org.hibernate.type.BasicTypeRegistry     : Adding type registration clob -> org.hibernate.type.ClobType@3324b36
2021-07-23 15:53:16.927 DEBUG 35319 --- [    Test worker] org.hibernate.type.BasicTypeRegistry     : Adding type registration java.sql.Clob -> org.hibernate.type.ClobType@3324b36
2021-07-23 15:53:16.928 DEBUG 35319 --- [    Test worker] org.hibernate.type.BasicTypeRegistry     : Adding type registration nclob -> org.hibernate.type.NClobType@45651460
2021-07-23 15:53:16.931 DEBUG 35319 --- [    Test worker] org.hibernate.type.BasicTypeRegistry     : Adding type registration java.sql.NClob -> org.hibernate.type.NClobType@45651460
2021-07-23 15:53:16.932 DEBUG 35319 --- [    Test worker] org.hibernate.type.BasicTypeRegistry     : Adding type registration materialized_clob -> org.hibernate.type.MaterializedClobType@3bd1f4e2
2021-07-23 15:53:16.932 DEBUG 35319 --- [    Test worker] org.hibernate.type.BasicTypeRegistry     : Adding type registration materialized_nclob -> org.hibernate.type.MaterializedNClobType@791adc8
2021-07-23 15:53:16.935 DEBUG 35319 --- [    Test worker] org.hibernate.type.BasicTypeRegistry     : Adding type registration serializable -> org.hibernate.type.SerializableType@78f2b794
2021-07-23 15:53:16.939 DEBUG 35319 --- [    Test worker] org.hibernate.type.BasicTypeRegistry     : Adding type registration object -> org.hibernate.type.ObjectType@828e293
2021-07-23 15:53:16.941 DEBUG 35319 --- [    Test worker] org.hibernate.type.BasicTypeRegistry     : Adding type registration java.lang.Object -> org.hibernate.type.ObjectType@828e293
2021-07-23 15:53:16.942 DEBUG 35319 --- [    Test worker] org.hibernate.type.BasicTypeRegistry     : Adding type registration imm_date -> org.hibernate.type.AdaptedImmutableType@5fd679c
2021-07-23 15:53:16.942 DEBUG 35319 --- [    Test worker] org.hibernate.type.BasicTypeRegistry     : Adding type registration imm_time -> org.hibernate.type.AdaptedImmutableType@45a97486
2021-07-23 15:53:16.942 DEBUG 35319 --- [    Test worker] org.hibernate.type.BasicTypeRegistry     : Adding type registration imm_timestamp -> org.hibernate.type.AdaptedImmutableType@47d879ad
2021-07-23 15:53:16.942 DEBUG 35319 --- [    Test worker] org.hibernate.type.BasicTypeRegistry     : Adding type registration imm_dbtimestamp -> org.hibernate.type.AdaptedImmutableType@7cacb6ea
2021-07-23 15:53:16.942 DEBUG 35319 --- [    Test worker] org.hibernate.type.BasicTypeRegistry     : Adding type registration imm_calendar -> org.hibernate.type.AdaptedImmutableType@1203ff64
2021-07-23 15:53:16.942 DEBUG 35319 --- [    Test worker] org.hibernate.type.BasicTypeRegistry     : Adding type registration imm_calendar_date -> org.hibernate.type.AdaptedImmutableType@1c80b4e6
2021-07-23 15:53:16.942 DEBUG 35319 --- [    Test worker] org.hibernate.type.BasicTypeRegistry     : Adding type registration imm_binary -> org.hibernate.type.AdaptedImmutableType@1811a3ca
2021-07-23 15:53:16.942 DEBUG 35319 --- [    Test worker] org.hibernate.type.BasicTypeRegistry     : Adding type registration imm_serializable -> org.hibernate.type.AdaptedImmutableType@1135dc4
2021-07-23 15:53:17.044  INFO 35319 --- [    Test worker] com.zaxxer.hikari.HikariDataSource       : HikariPool-1 - Starting...
2021-07-23 15:53:17.181  INFO 35319 --- [    Test worker] com.zaxxer.hikari.HikariDataSource       : HikariPool-1 - Start completed.
2021-07-23 15:53:17.227  INFO 35319 --- [    Test worker] org.hibernate.dialect.Dialect            : HHH000400: Using dialect: org.hibernate.dialect.H2Dialect
2021-07-23 15:53:17.351 DEBUG 35319 --- [    Test worker] o.h.type.spi.TypeConfiguration$Scope     : Scoping TypeConfiguration [org.hibernate.type.spi.TypeConfiguration@6e7cf657] to MetadataBuildingContext [org.hibernate.boot.internal.MetadataBuildingContextRootImpl@3c33ad77]
2021-07-23 15:53:17.626 DEBUG 35319 --- [    Test worker] o.h.type.spi.TypeConfiguration$Scope     : Scoping TypeConfiguration [org.hibernate.type.spi.TypeConfiguration@6e7cf657] to SessionFactoryImpl [org.hibernate.internal.SessionFactoryImpl@77a50da7]
2021-07-23 15:53:18.075 DEBUG 35319 --- [    Test worker] org.hibernate.SQL                        : 
    
    drop table if exists hello CASCADE 
2021-07-23 15:53:18.089  INFO 35319 --- [    Test worker] p6spy                                    : #1627023198088 | took 6ms | statement | connection 1| url jdbc:h2:tcp://localhost/~/querydsl

    drop table if exists hello CASCADE 

    drop table if exists hello CASCADE ;
2021-07-23 15:53:18.089 DEBUG 35319 --- [    Test worker] org.hibernate.SQL                        : 
    
    drop table if exists member CASCADE 
2021-07-23 15:53:18.101  INFO 35319 --- [    Test worker] p6spy                                    : #1627023198101 | took 12ms | statement | connection 1| url jdbc:h2:tcp://localhost/~/querydsl

    drop table if exists member CASCADE 

    drop table if exists member CASCADE ;
2021-07-23 15:53:18.101 DEBUG 35319 --- [    Test worker] org.hibernate.SQL                        : 
    
    drop table if exists team CASCADE 
2021-07-23 15:53:18.103  INFO 35319 --- [    Test worker] p6spy                                    : #1627023198103 | took 1ms | statement | connection 1| url jdbc:h2:tcp://localhost/~/querydsl

    drop table if exists team CASCADE 

    drop table if exists team CASCADE ;
2021-07-23 15:53:18.104 DEBUG 35319 --- [    Test worker] org.hibernate.SQL                        : 
    
    drop sequence if exists hibernate_sequence
2021-07-23 15:53:18.105  INFO 35319 --- [    Test worker] p6spy                                    : #1627023198105 | took 0ms | statement | connection 1| url jdbc:h2:tcp://localhost/~/querydsl

    drop sequence if exists hibernate_sequence

    drop sequence if exists hibernate_sequence;
2021-07-23 15:53:18.108 DEBUG 35319 --- [    Test worker] org.hibernate.SQL                        : create sequence hibernate_sequence start with 1 increment by 1
2021-07-23 15:53:18.112  INFO 35319 --- [    Test worker] p6spy                                    : #1627023198112 | took 3ms | statement | connection 2| url jdbc:h2:tcp://localhost/~/querydsl
create sequence hibernate_sequence start with 1 increment by 1
create sequence hibernate_sequence start with 1 increment by 1;
2021-07-23 15:53:18.112 DEBUG 35319 --- [    Test worker] org.hibernate.SQL                        : 
    
    create table hello (
       id bigint not null,
        primary key (id)
    )
2021-07-23 15:53:18.115  INFO 35319 --- [    Test worker] p6spy                                    : #1627023198115 | took 2ms | statement | connection 2| url jdbc:h2:tcp://localhost/~/querydsl

    create table hello (
       id bigint not null,
        primary key (id)
    )

    create table hello (
       id bigint not null,
        primary key (id)
    );
2021-07-23 15:53:18.116 DEBUG 35319 --- [    Test worker] org.hibernate.SQL                        : 
    
    create table member (
       member_id bigint not null,
        age integer not null,
        username varchar(255),
        team_id bigint,
        primary key (member_id)
    )
2021-07-23 15:53:18.124  INFO 35319 --- [    Test worker] p6spy                                    : #1627023198124 | took 7ms | statement | connection 2| url jdbc:h2:tcp://localhost/~/querydsl

    create table member (
       member_id bigint not null,
        age integer not null,
        username varchar(255),
        team_id bigint,
        primary key (member_id)
    )

    create table member (
       member_id bigint not null,
        age integer not null,
        username varchar(255),
        team_id bigint,
        primary key (member_id)
    );
2021-07-23 15:53:18.124 DEBUG 35319 --- [    Test worker] org.hibernate.SQL                        : 
    
    create table team (
       id bigint not null,
        name varchar(255),
        primary key (id)
    )
2021-07-23 15:53:18.126  INFO 35319 --- [    Test worker] p6spy                                    : #1627023198126 | took 1ms | statement | connection 2| url jdbc:h2:tcp://localhost/~/querydsl

    create table team (
       id bigint not null,
        name varchar(255),
        primary key (id)
    )

    create table team (
       id bigint not null,
        name varchar(255),
        primary key (id)
    );
2021-07-23 15:53:18.127 DEBUG 35319 --- [    Test worker] org.hibernate.SQL                        : 
    
    alter table member 
       add constraint FKcjte2jn9pvo9ud2hyfgwcja0k 
       foreign key (team_id) 
       references team
2021-07-23 15:53:18.138  INFO 35319 --- [    Test worker] p6spy                                    : #1627023198138 | took 10ms | statement | connection 2| url jdbc:h2:tcp://localhost/~/querydsl

    alter table member 
       add constraint FKcjte2jn9pvo9ud2hyfgwcja0k 
       foreign key (team_id) 
       references team

    alter table member 
       add constraint FKcjte2jn9pvo9ud2hyfgwcja0k 
       foreign key (team_id) 
       references team;
2021-07-23 15:53:18.144  INFO 35319 --- [    Test worker] o.h.e.t.j.p.i.JtaPlatformInitiator       : HHH000490: Using JtaPlatform implementation: [org.hibernate.engine.transaction.jta.platform.internal.NoJtaPlatform]
2021-07-23 15:53:18.151 TRACE 35319 --- [    Test worker] o.h.type.spi.TypeConfiguration$Scope     : Handling #sessionFactoryCreated from [org.hibernate.internal.SessionFactoryImpl@77a50da7] for TypeConfiguration
2021-07-23 15:53:18.156  INFO 35319 --- [    Test worker] j.LocalContainerEntityManagerFactoryBean : Initialized JPA EntityManagerFactory for persistence unit 'default'
2021-07-23 15:53:18.754  WARN 35319 --- [    Test worker] JpaBaseConfiguration$JpaWebConfiguration : spring.jpa.open-in-view is enabled by default. Therefore, database queries may be performed during view rendering. Explicitly configure spring.jpa.open-in-view to disable this warning
2021-07-23 15:53:20.121  INFO 35319 --- [    Test worker] study.querydsl.QuerydslBasicTest         : Started QuerydslBasicTest in 11.898 seconds (JVM running for 14.217)
2021-07-23 15:53:20.325  INFO 35319 --- [    Test worker] o.s.t.c.transaction.TransactionContext   : Began transaction (1) for test context [DefaultTestContext@5b33347 testClass = QuerydslBasicTest, testInstance = study.querydsl.QuerydslBasicTest@24dd7807, testMethod = bulkDelete@QuerydslBasicTest, testException = [null], mergedContextConfiguration = [WebMergedContextConfiguration@5b4c857f testClass = QuerydslBasicTest, locations = '{}', classes = '{class study.querydsl.QuerydslApplication}', contextInitializerClasses = '[]', activeProfiles = '{}', propertySourceLocations = '{}', propertySourceProperties = '{org.springframework.boot.test.context.SpringBootTestContextBootstrapper=true}', contextCustomizers = set[org.springframework.boot.test.autoconfigure.actuate.metrics.MetricsExportContextCustomizerFactory$DisableMetricExportContextCustomizer@238a2556, org.springframework.boot.test.autoconfigure.properties.PropertyMappingContextCustomizer@0, org.springframework.boot.test.autoconfigure.web.servlet.WebDriverContextCustomizerFactory$Customizer@7b72d0a0, org.springframework.boot.test.context.filter.ExcludeFilterContextCustomizer@45540e6e, org.springframework.boot.test.json.DuplicateJsonObjectContextCustomizerFactory$DuplicateJsonObjectContextCustomizer@42b0c619, org.springframework.boot.test.mock.mockito.MockitoContextCustomizer@0, org.springframework.boot.test.web.client.TestRestTemplateContextCustomizer@281bb0fb, org.springframework.boot.test.context.SpringBootTestArgs@1, org.springframework.boot.test.context.SpringBootTestWebEnvironment@168c3280], resourceBasePath = 'src/main/webapp', contextLoader = 'org.springframework.boot.test.context.SpringBootContextLoader', parent = [null]], attributes = map['org.springframework.test.context.web.ServletTestExecutionListener.activateListener' -> true, 'org.springframework.test.context.web.ServletTestExecutionListener.populatedRequestContextHolder' -> true, 'org.springframework.test.context.web.ServletTestExecutionListener.resetRequestContextHolder' -> true, 'org.springframework.test.context.event.ApplicationEventsTestExecutionListener.recordApplicationEvents' -> false]]; transaction manager [org.springframework.orm.jpa.JpaTransactionManager@e698eb1]; rollback [false]
2021-07-23 15:53:20.456 DEBUG 35319 --- [    Test worker] org.hibernate.SQL                        : 
    call next value for hibernate_sequence
2021-07-23 15:53:20.466  INFO 35319 --- [    Test worker] p6spy                                    : #1627023200466 | took 4ms | statement | connection 3| url jdbc:h2:tcp://localhost/~/querydsl
call next value for hibernate_sequence
call next value for hibernate_sequence;
2021-07-23 15:53:20.498 DEBUG 35319 --- [    Test worker] org.hibernate.SQL                        : 
    call next value for hibernate_sequence
2021-07-23 15:53:20.500  INFO 35319 --- [    Test worker] p6spy                                    : #1627023200500 | took 1ms | statement | connection 3| url jdbc:h2:tcp://localhost/~/querydsl
call next value for hibernate_sequence
call next value for hibernate_sequence;
2021-07-23 15:53:20.501 DEBUG 35319 --- [    Test worker] org.hibernate.SQL                        : 
    call next value for hibernate_sequence
2021-07-23 15:53:20.502  INFO 35319 --- [    Test worker] p6spy                                    : #1627023200502 | took 0ms | statement | connection 3| url jdbc:h2:tcp://localhost/~/querydsl
call next value for hibernate_sequence
call next value for hibernate_sequence;
2021-07-23 15:53:20.505 DEBUG 35319 --- [    Test worker] org.hibernate.SQL                        : 
    call next value for hibernate_sequence
2021-07-23 15:53:20.509  INFO 35319 --- [    Test worker] p6spy                                    : #1627023200509 | took 0ms | statement | connection 3| url jdbc:h2:tcp://localhost/~/querydsl
call next value for hibernate_sequence
call next value for hibernate_sequence;
2021-07-23 15:53:20.510 DEBUG 35319 --- [    Test worker] org.hibernate.SQL                        : 
    call next value for hibernate_sequence
2021-07-23 15:53:20.511  INFO 35319 --- [    Test worker] p6spy                                    : #1627023200511 | took 0ms | statement | connection 3| url jdbc:h2:tcp://localhost/~/querydsl
call next value for hibernate_sequence
call next value for hibernate_sequence;
2021-07-23 15:53:20.511 DEBUG 35319 --- [    Test worker] org.hibernate.SQL                        : 
    call next value for hibernate_sequence
2021-07-23 15:53:20.511  INFO 35319 --- [    Test worker] p6spy                                    : #1627023200511 | took 0ms | statement | connection 3| url jdbc:h2:tcp://localhost/~/querydsl
call next value for hibernate_sequence
call next value for hibernate_sequence;
2021-07-23 15:53:20.521 DEBUG 35319 --- [    Test worker] org.hibernate.SQL                        : 
    insert 
    into
        team
        (name, id) 
    values
        (?, ?)
2021-07-23 15:53:20.528 TRACE 35319 --- [    Test worker] o.h.type.descriptor.sql.BasicBinder      : binding parameter [1] as [VARCHAR] - [teamA]
2021-07-23 15:53:20.529 TRACE 35319 --- [    Test worker] o.h.type.descriptor.sql.BasicBinder      : binding parameter [2] as [BIGINT] - [1]
2021-07-23 15:53:20.530  INFO 35319 --- [    Test worker] p6spy                                    : #1627023200530 | took 0ms | statement | connection 3| url jdbc:h2:tcp://localhost/~/querydsl
insert into team (name, id) values (?, ?)
insert into team (name, id) values ('teamA', 1);
2021-07-23 15:53:20.531 DEBUG 35319 --- [    Test worker] org.hibernate.SQL                        : 
    insert 
    into
        team
        (name, id) 
    values
        (?, ?)
2021-07-23 15:53:20.532 TRACE 35319 --- [    Test worker] o.h.type.descriptor.sql.BasicBinder      : binding parameter [1] as [VARCHAR] - [teamB]
2021-07-23 15:53:20.532 TRACE 35319 --- [    Test worker] o.h.type.descriptor.sql.BasicBinder      : binding parameter [2] as [BIGINT] - [2]
2021-07-23 15:53:20.532  INFO 35319 --- [    Test worker] p6spy                                    : #1627023200532 | took 0ms | statement | connection 3| url jdbc:h2:tcp://localhost/~/querydsl
insert into team (name, id) values (?, ?)
insert into team (name, id) values ('teamB', 2);
2021-07-23 15:53:20.533 DEBUG 35319 --- [    Test worker] org.hibernate.SQL                        : 
    insert 
    into
        member
        (age, team_id, username, member_id) 
    values
        (?, ?, ?, ?)
2021-07-23 15:53:20.534 TRACE 35319 --- [    Test worker] o.h.type.descriptor.sql.BasicBinder      : binding parameter [1] as [INTEGER] - [10]
2021-07-23 15:53:20.534 TRACE 35319 --- [    Test worker] o.h.type.descriptor.sql.BasicBinder      : binding parameter [2] as [BIGINT] - [1]
2021-07-23 15:53:20.534 TRACE 35319 --- [    Test worker] o.h.type.descriptor.sql.BasicBinder      : binding parameter [3] as [VARCHAR] - [member1]
2021-07-23 15:53:20.534 TRACE 35319 --- [    Test worker] o.h.type.descriptor.sql.BasicBinder      : binding parameter [4] as [BIGINT] - [3]
2021-07-23 15:53:20.535  INFO 35319 --- [    Test worker] p6spy                                    : #1627023200535 | took 1ms | statement | connection 3| url jdbc:h2:tcp://localhost/~/querydsl
insert into member (age, team_id, username, member_id) values (?, ?, ?, ?)
insert into member (age, team_id, username, member_id) values (10, 1, 'member1', 3);
2021-07-23 15:53:20.536 DEBUG 35319 --- [    Test worker] org.hibernate.SQL                        : 
    insert 
    into
        member
        (age, team_id, username, member_id) 
    values
        (?, ?, ?, ?)
2021-07-23 15:53:20.540 TRACE 35319 --- [    Test worker] o.h.type.descriptor.sql.BasicBinder      : binding parameter [1] as [INTEGER] - [20]
2021-07-23 15:53:20.541 TRACE 35319 --- [    Test worker] o.h.type.descriptor.sql.BasicBinder      : binding parameter [2] as [BIGINT] - [1]
2021-07-23 15:53:20.541 TRACE 35319 --- [    Test worker] o.h.type.descriptor.sql.BasicBinder      : binding parameter [3] as [VARCHAR] - [member2]
2021-07-23 15:53:20.541 TRACE 35319 --- [    Test worker] o.h.type.descriptor.sql.BasicBinder      : binding parameter [4] as [BIGINT] - [4]
2021-07-23 15:53:20.544  INFO 35319 --- [    Test worker] p6spy                                    : #1627023200544 | took 2ms | statement | connection 3| url jdbc:h2:tcp://localhost/~/querydsl
insert into member (age, team_id, username, member_id) values (?, ?, ?, ?)
insert into member (age, team_id, username, member_id) values (20, 1, 'member2', 4);
2021-07-23 15:53:20.545 DEBUG 35319 --- [    Test worker] org.hibernate.SQL                        : 
    insert 
    into
        member
        (age, team_id, username, member_id) 
    values
        (?, ?, ?, ?)
2021-07-23 15:53:20.545 TRACE 35319 --- [    Test worker] o.h.type.descriptor.sql.BasicBinder      : binding parameter [1] as [INTEGER] - [30]
2021-07-23 15:53:20.545 TRACE 35319 --- [    Test worker] o.h.type.descriptor.sql.BasicBinder      : binding parameter [2] as [BIGINT] - [2]
2021-07-23 15:53:20.545 TRACE 35319 --- [    Test worker] o.h.type.descriptor.sql.BasicBinder      : binding parameter [3] as [VARCHAR] - [member3]
2021-07-23 15:53:20.545 TRACE 35319 --- [    Test worker] o.h.type.descriptor.sql.BasicBinder      : binding parameter [4] as [BIGINT] - [5]
2021-07-23 15:53:20.546  INFO 35319 --- [    Test worker] p6spy                                    : #1627023200546 | took 0ms | statement | connection 3| url jdbc:h2:tcp://localhost/~/querydsl
insert into member (age, team_id, username, member_id) values (?, ?, ?, ?)
insert into member (age, team_id, username, member_id) values (30, 2, 'member3', 5);
2021-07-23 15:53:20.546 DEBUG 35319 --- [    Test worker] org.hibernate.SQL                        : 
    insert 
    into
        member
        (age, team_id, username, member_id) 
    values
        (?, ?, ?, ?)
2021-07-23 15:53:20.547 TRACE 35319 --- [    Test worker] o.h.type.descriptor.sql.BasicBinder      : binding parameter [1] as [INTEGER] - [40]
2021-07-23 15:53:20.547 TRACE 35319 --- [    Test worker] o.h.type.descriptor.sql.BasicBinder      : binding parameter [2] as [BIGINT] - [2]
2021-07-23 15:53:20.548 TRACE 35319 --- [    Test worker] o.h.type.descriptor.sql.BasicBinder      : binding parameter [3] as [VARCHAR] - [member4]
2021-07-23 15:53:20.548 TRACE 35319 --- [    Test worker] o.h.type.descriptor.sql.BasicBinder      : binding parameter [4] as [BIGINT] - [6]
2021-07-23 15:53:20.548  INFO 35319 --- [    Test worker] p6spy                                    : #1627023200548 | took 0ms | statement | connection 3| url jdbc:h2:tcp://localhost/~/querydsl
insert into member (age, team_id, username, member_id) values (?, ?, ?, ?)
insert into member (age, team_id, username, member_id) values (40, 2, 'member4', 6);
2021-07-23 15:53:20.791 DEBUG 35319 --- [    Test worker] org.hibernate.SQL                        : 
    delete 
    from
        member 
    where
        age>?
2021-07-23 15:53:20.833 TRACE 35319 --- [    Test worker] o.h.type.descriptor.sql.BasicBinder      : binding parameter [1] as [INTEGER] - [18]
2021-07-23 15:53:20.840  INFO 35319 --- [    Test worker] p6spy                                    : #1627023200840 | took 6ms | statement | connection 3| url jdbc:h2:tcp://localhost/~/querydsl
delete from member where age>?
delete from member where age>18;
2021-07-23 15:53:20.866  INFO 35319 --- [    Test worker] p6spy                                    : #1627023200866 | took 2ms | commit | connection 3| url jdbc:h2:tcp://localhost/~/querydsl

;
2021-07-23 15:53:20.868  INFO 35319 --- [    Test worker] o.s.t.c.transaction.TransactionContext   : Committed transaction for test: [DefaultTestContext@5b33347 testClass = QuerydslBasicTest, testInstance = study.querydsl.QuerydslBasicTest@24dd7807, testMethod = bulkDelete@QuerydslBasicTest, testException = [null], mergedContextConfiguration = [WebMergedContextConfiguration@5b4c857f testClass = QuerydslBasicTest, locations = '{}', classes = '{class study.querydsl.QuerydslApplication}', contextInitializerClasses = '[]', activeProfiles = '{}', propertySourceLocations = '{}', propertySourceProperties = '{org.springframework.boot.test.context.SpringBootTestContextBootstrapper=true}', contextCustomizers = set[org.springframework.boot.test.autoconfigure.actuate.metrics.MetricsExportContextCustomizerFactory$DisableMetricExportContextCustomizer@238a2556, org.springframework.boot.test.autoconfigure.properties.PropertyMappingContextCustomizer@0, org.springframework.boot.test.autoconfigure.web.servlet.WebDriverContextCustomizerFactory$Customizer@7b72d0a0, org.springframework.boot.test.context.filter.ExcludeFilterContextCustomizer@45540e6e, org.springframework.boot.test.json.DuplicateJsonObjectContextCustomizerFactory$DuplicateJsonObjectContextCustomizer@42b0c619, org.springframework.boot.test.mock.mockito.MockitoContextCustomizer@0, org.springframework.boot.test.web.client.TestRestTemplateContextCustomizer@281bb0fb, org.springframework.boot.test.context.SpringBootTestArgs@1, org.springframework.boot.test.context.SpringBootTestWebEnvironment@168c3280], resourceBasePath = 'src/main/webapp', contextLoader = 'org.springframework.boot.test.context.SpringBootContextLoader', parent = [null]], attributes = map['org.springframework.test.context.web.ServletTestExecutionListener.activateListener' -> true, 'org.springframework.test.context.web.ServletTestExecutionListener.populatedRequestContextHolder' -> true, 'org.springframework.test.context.web.ServletTestExecutionListener.resetRequestContextHolder' -> true, 'org.springframework.test.context.event.ApplicationEventsTestExecutionListener.recordApplicationEvents' -> false]]
]]></system-out>
  <system-err><![CDATA[]]></system-err>
</testsuite>
